Using pre-set license
Built from '2020.3/staging' branch; Version is '2020.3.10f1 (297d780c91bc) revision 2719096'; Using compiler version '192528614'; Build Type 'Release'
OS: 'Windows 10 Pro; OS build 19041.572; Version 2004; 64bit' Language: 'ru' Physical Memory: 16321 MB
BatchMode: 1, IsHumanControllingUs: 0, StartBugReporterOnCrash: 0, Is64bit: 1, IsPro: 0

 COMMAND LINE ARGUMENTS:
C:\Program Files\Unity\Hub\Editor\2020.3.10f1\Editor\Unity.exe
-adb2
-batchMode
-noUpm
-name
AssetImportWorker0
-projectPath
C:/Projects/Farm/Farm
-logFile
Logs/AssetImportWorker0.log
-srvPort
51166
Successfully changed project path to: C:/Projects/Farm/Farm
C:/Projects/Farm/Farm
Using Asset Import Pipeline V2.
Refreshing native plugins compatible for Editor in 56.03 ms, found 3 plugins.
Preloading 0 native plugins for Editor in 0.00 ms.
Initialize engine version: 2020.3.10f1 (297d780c91bc)
[Subsystems] Discovering subsystems at path C:/Program Files/Unity/Hub/Editor/2020.3.10f1/Editor/Data/Resources/UnitySubsystems
[Subsystems] Discovering subsystems at path C:/Projects/Farm/Farm/Assets
GfxDevice: creating device client; threaded=0
Direct3D:
    Version:  Direct3D 11.0 [level 11.1]
    Renderer: NVIDIA GeForce RTX 2060 (ID=0x1f08)
    Vendor:   
    VRAM:     5980 MB
    Driver:   27.21.14.6231
Initialize mono
Mono path[0] = 'C:/Program Files/Unity/Hub/Editor/2020.3.10f1/Editor/Data/Managed'
Mono path[1] = 'C:/Program Files/Unity/Hub/Editor/2020.3.10f1/Editor/Data/MonoBleedingEdge/lib/mono/unityjit'
Mono config path = 'C:/Program Files/Unity/Hub/Editor/2020.3.10f1/Editor/Data/MonoBleedingEdge/etc'
Using monoOptions --debugger-agent=transport=dt_socket,embedding=1,server=y,suspend=n,address=127.0.0.1:56940
Begin MonoManager ReloadAssembly
Registering precompiled unity dll's ...
Register platform support module: C:/Program Files/Unity/Hub/Editor/2020.3.10f1/Editor/Data/PlaybackEngines/WindowsStandaloneSupport/UnityEditor.WindowsStandalone.Extensions.dll
Registered in 0.002352 seconds.
Native extension for WindowsStandalone target not found
Refreshing native plugins compatible for Editor in 57.69 ms, found 3 plugins.
Preloading 0 native plugins for Editor in 0.00 ms.
Mono: successfully reloaded assembly
- Completed reload, in  2.787 seconds
Platform modules already initialized, skipping
Registering precompiled user dll's ...
Registered in 0.005718 seconds.
Begin MonoManager ReloadAssembly
Native extension for WindowsStandalone target not found
Refreshing native plugins compatible for Editor in 58.05 ms, found 3 plugins.
Preloading 0 native plugins for Editor in 0.00 ms.
Mono: successfully reloaded assembly
- Completed reload, in  1.629 seconds
Platform modules already initialized, skipping
========================================================================
Worker process is ready to serve import requests
Launched and connected shader compiler UnityShaderCompiler.exe after 0.11 seconds
Refreshing native plugins compatible for Editor in 0.54 ms, found 3 plugins.
Preloading 0 native plugins for Editor in 0.00 ms.
Unloading 2079 Unused Serialized files (Serialized files now loaded: 0)
System memory in use before: 92.8 MB.
System memory in use after: 92.8 MB.

Unloading 33 unused Assets to reduce memory usage. Loaded Objects now: 2512.
Total: 4.870200 ms (FindLiveObjects: 0.231700 ms CreateObjectMapping: 0.096900 ms MarkObjects: 4.355400 ms  DeleteObjects: 0.184500 ms)

========================================================================
Received Import Request.
  path: Assets/Scenes/Main.unity
  artifactKey: Guid(2cda990e2423bbf4892e6590ba056729) Importer(815301076,1909f56bfc062723c751e8b465ee728b)
Start importing Assets/Scenes/Main.unity using Guid(2cda990e2423bbf4892e6590ba056729) Importer(815301076,1909f56bfc062723c751e8b465ee728b)  -> (artifact id: '2063302bb151951eba0362b8067fa1a0') in 0.023175 seconds
  Import took 0.027571 seconds .

========================================================================
Received Import Request.
  Time since last request: 2237.710679 seconds.
  path: Assets/Sprites
  artifactKey: Guid(9cb36a22fbe5fe048b18b1f9bcf4667a) Importer(815301076,1909f56bfc062723c751e8b465ee728b)
Start importing Assets/Sprites using Guid(9cb36a22fbe5fe048b18b1f9bcf4667a) Importer(815301076,1909f56bfc062723c751e8b465ee728b)  -> (artifact id: 'f0bad1b3804ad4656c9e0c87d7e7de73') in 0.009339 seconds
  Import took 0.019706 seconds .

========================================================================
Received Import Request.
  Time since last request: 0.080502 seconds.
  path: Assets/Sprites/Houses.png
  artifactKey: Guid(ae8c5035e2ba75e428ca1d82bdfe730e) Importer(815301076,1909f56bfc062723c751e8b465ee728b)
Start importing Assets/Sprites/Houses.png using Guid(ae8c5035e2ba75e428ca1d82bdfe730e) Importer(815301076,1909f56bfc062723c751e8b465ee728b)  -> (artifact id: '4e4ad2b12103f5d36a5346b34a04d401') in 0.184690 seconds
  Import took 0.190900 seconds .

========================================================================
Received Import Request.
  Time since last request: 14.103921 seconds.
  path: Assets/Sprites/Houses.png
  artifactKey: Guid(ae8c5035e2ba75e428ca1d82bdfe730e) Importer(815301076,1909f56bfc062723c751e8b465ee728b)
Start importing Assets/Sprites/Houses.png using Guid(ae8c5035e2ba75e428ca1d82bdfe730e) Importer(815301076,1909f56bfc062723c751e8b465ee728b)  -> (artifact id: '0fb12ff43e9aac42dfe1242cf1948746') in 0.023751 seconds
  Import took 0.048753 seconds .

========================================================================
Received Import Request.
  Time since last request: 0.002714 seconds.
  path: Assets/Sprites/Houses.png
  artifactKey: Guid(ae8c5035e2ba75e428ca1d82bdfe730e) Importer(815301076,1909f56bfc062723c751e8b465ee728b)
Start importing Assets/Sprites/Houses.png using Guid(ae8c5035e2ba75e428ca1d82bdfe730e) Importer(815301076,1909f56bfc062723c751e8b465ee728b)  -> (artifact id: '0fb12ff43e9aac42dfe1242cf1948746') in 0.019586 seconds
  Import took 0.034492 seconds .

========================================================================
Received Import Request.
  Time since last request: 11.302278 seconds.
  path: Assets/Sprites/Houses.png
  artifactKey: Guid(ae8c5035e2ba75e428ca1d82bdfe730e) Importer(815301076,1909f56bfc062723c751e8b465ee728b)
Start importing Assets/Sprites/Houses.png using Guid(ae8c5035e2ba75e428ca1d82bdfe730e) Importer(815301076,1909f56bfc062723c751e8b465ee728b)  -> (artifact id: '72b17cf4ffc99165ebc2a52333258cb8') in 0.108594 seconds
  Import took 0.116742 seconds .

========================================================================
Received Import Request.
  Time since last request: 278.632323 seconds.
  path: Assets/Sprites/Houses.png
  artifactKey: Guid(ae8c5035e2ba75e428ca1d82bdfe730e) Importer(815301076,1909f56bfc062723c751e8b465ee728b)
Start importing Assets/Sprites/Houses.png using Guid(ae8c5035e2ba75e428ca1d82bdfe730e) Importer(815301076,1909f56bfc062723c751e8b465ee728b)  -> (artifact id: '67fc0da4b21817cd9dc635f62ed79916') in 0.028405 seconds
  Import took 0.056783 seconds .

========================================================================
Received Import Request.
  Time since last request: 0.002079 seconds.
  path: Assets/Sprites/Houses.png
  artifactKey: Guid(ae8c5035e2ba75e428ca1d82bdfe730e) Importer(815301076,1909f56bfc062723c751e8b465ee728b)
Start importing Assets/Sprites/Houses.png using Guid(ae8c5035e2ba75e428ca1d82bdfe730e) Importer(815301076,1909f56bfc062723c751e8b465ee728b)  -> (artifact id: '67fc0da4b21817cd9dc635f62ed79916') in 0.028767 seconds
  Import took 0.033482 seconds .

========================================================================
Received Import Request.
  Time since last request: 9.719145 seconds.
  path: Assets/Sprites/Houses.png
  artifactKey: Guid(ae8c5035e2ba75e428ca1d82bdfe730e) Importer(815301076,1909f56bfc062723c751e8b465ee728b)
Start importing Assets/Sprites/Houses.png using Guid(ae8c5035e2ba75e428ca1d82bdfe730e) Importer(815301076,1909f56bfc062723c751e8b465ee728b)  -> (artifact id: 'e18198239f4679977a1e0c6e551ba86c') in 0.061882 seconds
  Import took 0.119837 seconds .

========================================================================
Received Import Request.
  Time since last request: 82.196639 seconds.
  path: Assets
  artifactKey: Guid(00000000000000001000000000000000) Importer(815301076,1909f56bfc062723c751e8b465ee728b)
Start importing Assets using Guid(00000000000000001000000000000000) Importer(815301076,1909f56bfc062723c751e8b465ee728b)  -> (artifact id: '42d402b061de3733987d63b9cc3b64de') in 0.008658 seconds
  Import took 0.030769 seconds .

========================================================================
Received Import Request.
  Time since last request: 5.652946 seconds.
  path: Assets/Prefabs
  artifactKey: Guid(955feb59f7a08d9429ba544e09bd4129) Importer(815301076,1909f56bfc062723c751e8b465ee728b)
Start importing Assets/Prefabs using Guid(955feb59f7a08d9429ba544e09bd4129) Importer(815301076,1909f56bfc062723c751e8b465ee728b)  -> (artifact id: '245a60a3fb09cde1a4ae7c02757515ef') in 0.008962 seconds
  Import took 0.025878 seconds .

========================================================================
Received Import Request.
  Time since last request: 4.221183 seconds.
  path: Assets/Prefabs/House_0.prefab
  artifactKey: Guid(a1a1cbf362c4d6b489174784c9806608) Importer(815301076,1909f56bfc062723c751e8b465ee728b)
Start importing Assets/Prefabs/House_0.prefab using Guid(a1a1cbf362c4d6b489174784c9806608) Importer(815301076,1909f56bfc062723c751e8b465ee728b)  -> (artifact id: '429fc77293d30464b5482bbe7e296694') in 0.069889 seconds
  Import took 0.076378 seconds .

========================================================================
Received Import Request.
  Time since last request: 4.319119 seconds.
  path: Assets/Prefabs/House_0.prefab
  artifactKey: Guid(a1a1cbf362c4d6b489174784c9806608) Importer(815301076,1909f56bfc062723c751e8b465ee728b)
Start importing Assets/Prefabs/House_0.prefab using Guid(a1a1cbf362c4d6b489174784c9806608) Importer(815301076,1909f56bfc062723c751e8b465ee728b)  -> (artifact id: '505f2bf6fb2cd0dbaec032f369d3fd58') in 0.009981 seconds
  Import took 0.025312 seconds .

========================================================================
Received Import Request.
  Time since last request: 0.979997 seconds.
  path: Assets/Prefabs/House_0.prefab
  artifactKey: Guid(a1a1cbf362c4d6b489174784c9806608) Importer(815301076,1909f56bfc062723c751e8b465ee728b)
Start importing Assets/Prefabs/House_0.prefab using Guid(a1a1cbf362c4d6b489174784c9806608) Importer(815301076,1909f56bfc062723c751e8b465ee728b)  -> (artifact id: 'cc68e629aae2b45d32d2fe791a05de65') in 0.010715 seconds
  Import took 0.021142 seconds .

========================================================================
Received Import Request.
  Time since last request: 25.325219 seconds.
  path: Assets/Prefabs/House_1.prefab
  artifactKey: Guid(6edf2a75a5646bc44894f5784d78cf7f) Importer(815301076,1909f56bfc062723c751e8b465ee728b)
Start importing Assets/Prefabs/House_1.prefab using Guid(6edf2a75a5646bc44894f5784d78cf7f) Importer(815301076,1909f56bfc062723c751e8b465ee728b)  -> (artifact id: '6866440cf9d18910fca423f928c82aef') in 0.012967 seconds
  Import took 0.027700 seconds .

========================================================================
Received Import Request.
  Time since last request: 25.016846 seconds.
  path: Assets/Prefabs/House_2.prefab
  artifactKey: Guid(d4287b3145a71a749a4d67e92b555aa8) Importer(815301076,1909f56bfc062723c751e8b465ee728b)
Start importing Assets/Prefabs/House_2.prefab using Guid(d4287b3145a71a749a4d67e92b555aa8) Importer(815301076,1909f56bfc062723c751e8b465ee728b)  -> (artifact id: 'cca5e2d6af17938885e03754bd095baf') in 0.013087 seconds
  Import took 0.018327 seconds .

========================================================================
Received Import Request.
  Time since last request: 0.002825 seconds.
  path: Assets/Prefabs/House_2.prefab
  artifactKey: Guid(d4287b3145a71a749a4d67e92b555aa8) Importer(815301076,1909f56bfc062723c751e8b465ee728b)
Start importing Assets/Prefabs/House_2.prefab using Guid(d4287b3145a71a749a4d67e92b555aa8) Importer(815301076,1909f56bfc062723c751e8b465ee728b)  -> (artifact id: 'cca5e2d6af17938885e03754bd095baf') in 0.005847 seconds
  Import took 0.012636 seconds .

========================================================================
Received Import Request.
  Time since last request: 1024.646135 seconds.
  path: Assets/Prefabs/Houses_0.prefab
  artifactKey: Guid(2a5a299d890e73244b077c7998572da8) Importer(815301076,1909f56bfc062723c751e8b465ee728b)
Start importing Assets/Prefabs/Houses_0.prefab using Guid(2a5a299d890e73244b077c7998572da8) Importer(815301076,1909f56bfc062723c751e8b465ee728b)  -> (artifact id: 'e3bc2709e029787d40b18c09c867596b') in 0.080553 seconds
  Import took 0.086662 seconds .

========================================================================
Received Import Request.
  Time since last request: 1.833718 seconds.
  path: Assets/Prefabs/Houses_1.prefab
  artifactKey: Guid(5cd17cd34f8606e42bfafad5c581bec5) Importer(815301076,1909f56bfc062723c751e8b465ee728b)
Start importing Assets/Prefabs/Houses_1.prefab using Guid(5cd17cd34f8606e42bfafad5c581bec5) Importer(815301076,1909f56bfc062723c751e8b465ee728b)  -> (artifact id: '85caf97294a208288152f5d970e82e50') in 0.029298 seconds
  Import took 0.052337 seconds .

========================================================================
Received Import Request.
  Time since last request: 1.717077 seconds.
  path: Assets/Prefabs/Houses_2.prefab
  artifactKey: Guid(2019e46e39512644c9298fa9c0dffc02) Importer(815301076,1909f56bfc062723c751e8b465ee728b)
Start importing Assets/Prefabs/Houses_2.prefab using Guid(2019e46e39512644c9298fa9c0dffc02) Importer(815301076,1909f56bfc062723c751e8b465ee728b)  -> (artifact id: '7c7861741e53dbed05ab686804ae8d1a') in 0.032726 seconds
  Import took 0.037664 seconds .

========================================================================
Received Import Request.
  Time since last request: 50761.976818 seconds.
  path: Assets/Scripts
  artifactKey: Guid(60863dc1bedf1d54c8a3509cc78009ed) Importer(815301076,1909f56bfc062723c751e8b465ee728b)
Start importing Assets/Scripts using Guid(60863dc1bedf1d54c8a3509cc78009ed) Importer(815301076,1909f56bfc062723c751e8b465ee728b)  -> (artifact id: '3b4593f4c6e42893cec617ca70d68745') in 0.012080 seconds
  Import took 0.028368 seconds .

========================================================================
Received Import Request.
  Time since last request: 8.890913 seconds.
  path: Assets/Scripts/Building.cs
  artifactKey: Guid(bd951342be45f8147a3170988412ffbe) Importer(815301076,1909f56bfc062723c751e8b465ee728b)
Start importing Assets/Scripts/Building.cs using Guid(bd951342be45f8147a3170988412ffbe) Importer(815301076,1909f56bfc062723c751e8b465ee728b)  -> (artifact id: 'e15451e9d3ad6837b13dfbb27e241f93') in 0.034173 seconds
  Import took 0.052400 seconds .

========================================================================
Received Prepare
Registering precompiled user dll's ...
Registered in 0.010009 seconds.
Begin MonoManager ReloadAssembly
Native extension for WindowsStandalone target not found
Refreshing native plugins compatible for Editor in 0.56 ms, found 3 plugins.
Preloading 0 native plugins for Editor in 0.00 ms.
Mono: successfully reloaded assembly
- Completed reload, in  1.544 seconds
Platform modules already initialized, skipping
Refreshing native plugins compatible for Editor in 1.94 ms, found 3 plugins.
Preloading 0 native plugins for Editor in 0.00 ms.
Unloading 2075 Unused Serialized files (Serialized files now loaded: 0)
System memory in use before: 95.8 MB.
System memory in use after: 95.8 MB.

Unloading 21 unused Assets to reduce memory usage. Loaded Objects now: 2555.
Total: 2.866400 ms (FindLiveObjects: 0.230900 ms CreateObjectMapping: 0.133000 ms MarkObjects: 2.271900 ms  DeleteObjects: 0.229400 ms)

========================================================================
Received Import Request.
  Time since last request: 19.924247 seconds.
  path: Assets/Scripts/BuildingsGrid.cs
  artifactKey: Guid(57661f6ac04bc704d92a8352dbc45fbf) Importer(815301076,1909f56bfc062723c751e8b465ee728b)
Start importing Assets/Scripts/BuildingsGrid.cs using Guid(57661f6ac04bc704d92a8352dbc45fbf) Importer(815301076,1909f56bfc062723c751e8b465ee728b)  -> (artifact id: '06a2fe09b4002201fdac8ebb95f34fca') in 0.016497 seconds
  Import took 0.037890 seconds .

========================================================================
Received Prepare
Registering precompiled user dll's ...
Registered in 0.004690 seconds.
Begin MonoManager ReloadAssembly
Native extension for WindowsStandalone target not found
Refreshing native plugins compatible for Editor in 0.80 ms, found 3 plugins.
Preloading 0 native plugins for Editor in 0.00 ms.
Mono: successfully reloaded assembly
- Completed reload, in  1.227 seconds
Platform modules already initialized, skipping
Refreshing native plugins compatible for Editor in 0.59 ms, found 3 plugins.
Preloading 0 native plugins for Editor in 0.00 ms.
Unloading 2076 Unused Serialized files (Serialized files now loaded: 0)
System memory in use before: 95.9 MB.
System memory in use after: 95.9 MB.

Unloading 21 unused Assets to reduce memory usage. Loaded Objects now: 2560.
Total: 2.813300 ms (FindLiveObjects: 0.202200 ms CreateObjectMapping: 0.086900 ms MarkObjects: 2.359600 ms  DeleteObjects: 0.163600 ms)

========================================================================
Received Prepare
Registering precompiled user dll's ...
Registered in 0.004792 seconds.
Begin MonoManager ReloadAssembly
Native extension for WindowsStandalone target not found
Refreshing native plugins compatible for Editor in 0.57 ms, found 3 plugins.
Preloading 0 native plugins for Editor in 0.00 ms.
Mono: successfully reloaded assembly
- Completed reload, in  1.683 seconds
Platform modules already initialized, skipping
Refreshing native plugins compatible for Editor in 0.55 ms, found 3 plugins.
Preloading 0 native plugins for Editor in 0.00 ms.
Unloading 2076 Unused Serialized files (Serialized files now loaded: 0)
System memory in use before: 95.9 MB.
System memory in use after: 95.9 MB.

Unloading 21 unused Assets to reduce memory usage. Loaded Objects now: 2564.
Total: 4.262100 ms (FindLiveObjects: 0.238700 ms CreateObjectMapping: 0.098400 ms MarkObjects: 3.704900 ms  DeleteObjects: 0.218000 ms)

========================================================================
Received Import Request.
  Time since last request: 611.730172 seconds.
  path: Assets/Scripts/BuildingsGrid.cs
  artifactKey: Guid(57661f6ac04bc704d92a8352dbc45fbf) Importer(815301076,1909f56bfc062723c751e8b465ee728b)
Start importing Assets/Scripts/BuildingsGrid.cs using Guid(57661f6ac04bc704d92a8352dbc45fbf) Importer(815301076,1909f56bfc062723c751e8b465ee728b)  -> (artifact id: 'f6edaec0497f40e0177f0609ce582f72') in 0.007321 seconds
  Import took 0.036070 seconds .

========================================================================
Received Prepare
Registering precompiled user dll's ...
Registered in 0.004972 seconds.
Begin MonoManager ReloadAssembly
Native extension for WindowsStandalone target not found
Refreshing native plugins compatible for Editor in 0.84 ms, found 3 plugins.
Preloading 0 native plugins for Editor in 0.00 ms.
Mono: successfully reloaded assembly
- Completed reload, in  1.254 seconds
Platform modules already initialized, skipping
Refreshing native plugins compatible for Editor in 0.63 ms, found 3 plugins.
Preloading 0 native plugins for Editor in 0.00 ms.
Unloading 2076 Unused Serialized files (Serialized files now loaded: 0)
System memory in use before: 95.9 MB.
System memory in use after: 95.9 MB.

Unloading 21 unused Assets to reduce memory usage. Loaded Objects now: 2568.
Total: 2.513400 ms (FindLiveObjects: 0.204100 ms CreateObjectMapping: 0.085900 ms MarkObjects: 2.067600 ms  DeleteObjects: 0.154700 ms)

========================================================================
Received Import Request.
  Time since last request: 44.076251 seconds.
  path: Assets/Scripts/Building.cs
  artifactKey: Guid(bd951342be45f8147a3170988412ffbe) Importer(815301076,1909f56bfc062723c751e8b465ee728b)
Start importing Assets/Scripts/Building.cs using Guid(bd951342be45f8147a3170988412ffbe) Importer(815301076,1909f56bfc062723c751e8b465ee728b)  -> (artifact id: '76a6e4e2e8870558fc14fb82fd2c1bfc') in 0.008358 seconds
  Import took 0.012630 seconds .

========================================================================
Received Prepare
Registering precompiled user dll's ...
Registered in 0.005119 seconds.
Begin MonoManager ReloadAssembly
Native extension for WindowsStandalone target not found
Refreshing native plugins compatible for Editor in 0.52 ms, found 3 plugins.
Preloading 0 native plugins for Editor in 0.00 ms.
Mono: successfully reloaded assembly
- Completed reload, in  1.283 seconds
Platform modules already initialized, skipping
Refreshing native plugins compatible for Editor in 0.92 ms, found 3 plugins.
Preloading 0 native plugins for Editor in 0.00 ms.
Unloading 2076 Unused Serialized files (Serialized files now loaded: 0)
System memory in use before: 95.9 MB.
System memory in use after: 95.9 MB.

Unloading 21 unused Assets to reduce memory usage. Loaded Objects now: 2572.
Total: 3.709400 ms (FindLiveObjects: 0.202200 ms CreateObjectMapping: 0.092500 ms MarkObjects: 3.246200 ms  DeleteObjects: 0.167100 ms)

========================================================================
Received Prepare
Registering precompiled user dll's ...
Registered in 0.005436 seconds.
Begin MonoManager ReloadAssembly
Native extension for WindowsStandalone target not found
Refreshing native plugins compatible for Editor in 0.58 ms, found 3 plugins.
Preloading 0 native plugins for Editor in 0.00 ms.
Mono: successfully reloaded assembly
- Completed reload, in  1.242 seconds
Platform modules already initialized, skipping
Refreshing native plugins compatible for Editor in 0.89 ms, found 3 plugins.
Preloading 0 native plugins for Editor in 0.00 ms.
Unloading 2076 Unused Serialized files (Serialized files now loaded: 0)
System memory in use before: 95.9 MB.
System memory in use after: 95.9 MB.

Unloading 21 unused Assets to reduce memory usage. Loaded Objects now: 2576.
Total: 3.175900 ms (FindLiveObjects: 0.201500 ms CreateObjectMapping: 0.086700 ms MarkObjects: 2.713200 ms  DeleteObjects: 0.173300 ms)

========================================================================
Received Prepare
Registering precompiled user dll's ...
Registered in 0.005254 seconds.
Begin MonoManager ReloadAssembly
Native extension for WindowsStandalone target not found
Refreshing native plugins compatible for Editor in 0.55 ms, found 3 plugins.
Preloading 0 native plugins for Editor in 0.00 ms.
Mono: successfully reloaded assembly
- Completed reload, in  1.280 seconds
Platform modules already initialized, skipping
Refreshing native plugins compatible for Editor in 0.54 ms, found 3 plugins.
Preloading 0 native plugins for Editor in 0.00 ms.
Unloading 2076 Unused Serialized files (Serialized files now loaded: 0)
System memory in use before: 96.0 MB.
System memory in use after: 95.9 MB.

Unloading 21 unused Assets to reduce memory usage. Loaded Objects now: 2580.
Total: 2.776600 ms (FindLiveObjects: 0.207200 ms CreateObjectMapping: 0.092100 ms MarkObjects: 2.305700 ms  DeleteObjects: 0.170500 ms)

========================================================================
Received Prepare
Registering precompiled user dll's ...
Registered in 0.006805 seconds.
Begin MonoManager ReloadAssembly
Native extension for WindowsStandalone target not found
Refreshing native plugins compatible for Editor in 0.59 ms, found 3 plugins.
Preloading 0 native plugins for Editor in 0.00 ms.
Mono: successfully reloaded assembly
- Completed reload, in  1.721 seconds
Platform modules already initialized, skipping
Refreshing native plugins compatible for Editor in 0.57 ms, found 3 plugins.
Preloading 0 native plugins for Editor in 0.00 ms.
Unloading 2123 Unused Serialized files (Serialized files now loaded: 0)
System memory in use before: 98.9 MB.
System memory in use after: 98.2 MB.

Unloading 34 unused Assets to reduce memory usage. Loaded Objects now: 2618.
Total: 2.927700 ms (FindLiveObjects: 0.211600 ms CreateObjectMapping: 0.087200 ms MarkObjects: 2.176800 ms  DeleteObjects: 0.451100 ms)

========================================================================
Received Import Request.
  Time since last request: 1262.358920 seconds.
  path: Assets/Prefabs/House_0.prefab
  artifactKey: Guid(a1a1cbf362c4d6b489174784c9806608) Importer(815301076,1909f56bfc062723c751e8b465ee728b)
Start importing Assets/Prefabs/House_0.prefab using Guid(a1a1cbf362c4d6b489174784c9806608) Importer(815301076,1909f56bfc062723c751e8b465ee728b)  -> (artifact id: 'e9d73fdce5190729f3108cd1f090e96a') in 0.123438 seconds
  Import took 0.138599 seconds .

========================================================================
Received Prepare
Registering precompiled user dll's ...
Registered in 0.006859 seconds.
Begin MonoManager ReloadAssembly
Native extension for WindowsStandalone target not found
Refreshing native plugins compatible for Editor in 0.67 ms, found 3 plugins.
Preloading 0 native plugins for Editor in 0.00 ms.
Mono: successfully reloaded assembly
- Completed reload, in  1.360 seconds
Platform modules already initialized, skipping
Refreshing native plugins compatible for Editor in 0.62 ms, found 3 plugins.
Preloading 0 native plugins for Editor in 0.00 ms.
Unloading 2123 Unused Serialized files (Serialized files now loaded: 0)
System memory in use before: 98.9 MB.
System memory in use after: 98.2 MB.

Unloading 34 unused Assets to reduce memory usage. Loaded Objects now: 2623.
Total: 4.027600 ms (FindLiveObjects: 0.343400 ms CreateObjectMapping: 0.147800 ms MarkObjects: 3.014500 ms  DeleteObjects: 0.520900 ms)

========================================================================
Received Prepare
Registering precompiled user dll's ...
Registered in 0.007069 seconds.
Begin MonoManager ReloadAssembly
Native extension for WindowsStandalone target not found
Refreshing native plugins compatible for Editor in 0.61 ms, found 3 plugins.
Preloading 0 native plugins for Editor in 0.00 ms.
Mono: successfully reloaded assembly
- Completed reload, in  1.371 seconds
Platform modules already initialized, skipping
Refreshing native plugins compatible for Editor in 0.57 ms, found 3 plugins.
Preloading 0 native plugins for Editor in 0.00 ms.
Unloading 2123 Unused Serialized files (Serialized files now loaded: 0)
System memory in use before: 98.9 MB.
System memory in use after: 98.2 MB.

Unloading 34 unused Assets to reduce memory usage. Loaded Objects now: 2627.
Total: 4.675600 ms (FindLiveObjects: 0.248400 ms CreateObjectMapping: 0.103800 ms MarkObjects: 3.813800 ms  DeleteObjects: 0.507800 ms)

========================================================================
Received Prepare
Registering precompiled user dll's ...
Registered in 0.007310 seconds.
Begin MonoManager ReloadAssembly
Native extension for WindowsStandalone target not found
Refreshing native plugins compatible for Editor in 0.59 ms, found 3 plugins.
Preloading 0 native plugins for Editor in 0.00 ms.
Mono: successfully reloaded assembly
- Completed reload, in  1.382 seconds
Platform modules already initialized, skipping
Refreshing native plugins compatible for Editor in 0.57 ms, found 3 plugins.
Preloading 0 native plugins for Editor in 0.00 ms.
Unloading 2123 Unused Serialized files (Serialized files now loaded: 0)
System memory in use before: 98.9 MB.
System memory in use after: 98.3 MB.

Unloading 34 unused Assets to reduce memory usage. Loaded Objects now: 2631.
Total: 3.007000 ms (FindLiveObjects: 0.240000 ms CreateObjectMapping: 0.101900 ms MarkObjects: 2.166800 ms  DeleteObjects: 0.497300 ms)

========================================================================
Received Prepare
Registering precompiled user dll's ...
Registered in 0.004950 seconds.
Begin MonoManager ReloadAssembly
Native extension for WindowsStandalone target not found
Refreshing native plugins compatible for Editor in 0.57 ms, found 3 plugins.
Preloading 0 native plugins for Editor in 0.00 ms.
Mono: successfully reloaded assembly
- Completed reload, in  1.437 seconds
Platform modules already initialized, skipping
Refreshing native plugins compatible for Editor in 0.62 ms, found 3 plugins.
Preloading 0 native plugins for Editor in 0.00 ms.
Unloading 2123 Unused Serialized files (Serialized files now loaded: 0)
System memory in use before: 98.9 MB.
System memory in use after: 98.3 MB.

Unloading 34 unused Assets to reduce memory usage. Loaded Objects now: 2635.
Total: 5.659200 ms (FindLiveObjects: 0.245800 ms CreateObjectMapping: 0.107800 ms MarkObjects: 2.621700 ms  DeleteObjects: 2.682600 ms)

========================================================================
Received Prepare
Registering precompiled user dll's ...
Registered in 0.005403 seconds.
Begin MonoManager ReloadAssembly
Native extension for WindowsStandalone target not found
Refreshing native plugins compatible for Editor in 0.57 ms, found 3 plugins.
Preloading 0 native plugins for Editor in 0.00 ms.
Mono: successfully reloaded assembly
- Completed reload, in  1.408 seconds
Platform modules already initialized, skipping
Refreshing native plugins compatible for Editor in 0.57 ms, found 3 plugins.
Preloading 0 native plugins for Editor in 0.00 ms.
Unloading 2123 Unused Serialized files (Serialized files now loaded: 0)
System memory in use before: 98.9 MB.
System memory in use after: 98.3 MB.

Unloading 34 unused Assets to reduce memory usage. Loaded Objects now: 2639.
Total: 3.041100 ms (FindLiveObjects: 0.228100 ms CreateObjectMapping: 0.094100 ms MarkObjects: 2.204200 ms  DeleteObjects: 0.513600 ms)

========================================================================
Received Prepare
Registering precompiled user dll's ...
Registered in 0.006853 seconds.
Begin MonoManager ReloadAssembly
Native extension for WindowsStandalone target not found
Refreshing native plugins compatible for Editor in 0.55 ms, found 3 plugins.
Preloading 0 native plugins for Editor in 0.00 ms.
Mono: successfully reloaded assembly
- Completed reload, in  1.381 seconds
Platform modules already initialized, skipping
Refreshing native plugins compatible for Editor in 0.56 ms, found 3 plugins.
Preloading 0 native plugins for Editor in 0.00 ms.
Unloading 2123 Unused Serialized files (Serialized files now loaded: 0)
System memory in use before: 98.9 MB.
System memory in use after: 98.3 MB.

Unloading 34 unused Assets to reduce memory usage. Loaded Objects now: 2643.
Total: 3.064700 ms (FindLiveObjects: 0.240000 ms CreateObjectMapping: 0.087200 ms MarkObjects: 2.217600 ms  DeleteObjects: 0.518600 ms)

========================================================================
Received Prepare
Registering precompiled user dll's ...
Registered in 0.005694 seconds.
Begin MonoManager ReloadAssembly
Native extension for WindowsStandalone target not found
Refreshing native plugins compatible for Editor in 0.55 ms, found 3 plugins.
Preloading 0 native plugins for Editor in 0.00 ms.
Mono: successfully reloaded assembly
- Completed reload, in  1.428 seconds
Platform modules already initialized, skipping
Refreshing native plugins compatible for Editor in 0.58 ms, found 3 plugins.
Preloading 0 native plugins for Editor in 0.00 ms.
Unloading 2123 Unused Serialized files (Serialized files now loaded: 0)
System memory in use before: 99.0 MB.
System memory in use after: 98.3 MB.

Unloading 34 unused Assets to reduce memory usage. Loaded Objects now: 2647.
Total: 3.119500 ms (FindLiveObjects: 0.249700 ms CreateObjectMapping: 0.097600 ms MarkObjects: 2.257700 ms  DeleteObjects: 0.513400 ms)

========================================================================
Received Prepare
Registering precompiled user dll's ...
Registered in 0.004802 seconds.
Begin MonoManager ReloadAssembly
Native extension for WindowsStandalone target not found
Refreshing native plugins compatible for Editor in 0.61 ms, found 3 plugins.
Preloading 0 native plugins for Editor in 0.00 ms.
Mono: successfully reloaded assembly
- Completed reload, in  1.371 seconds
Platform modules already initialized, skipping
Refreshing native plugins compatible for Editor in 0.68 ms, found 3 plugins.
Preloading 0 native plugins for Editor in 0.00 ms.
Unloading 2123 Unused Serialized files (Serialized files now loaded: 0)
System memory in use before: 99.0 MB.
System memory in use after: 98.3 MB.

Unloading 34 unused Assets to reduce memory usage. Loaded Objects now: 2651.
Total: 3.426100 ms (FindLiveObjects: 0.223100 ms CreateObjectMapping: 0.088300 ms MarkObjects: 2.580700 ms  DeleteObjects: 0.533100 ms)

========================================================================
Received Prepare
Registering precompiled user dll's ...
Registered in 0.005933 seconds.
Begin MonoManager ReloadAssembly
Native extension for WindowsStandalone target not found
Refreshing native plugins compatible for Editor in 0.57 ms, found 3 plugins.
Preloading 0 native plugins for Editor in 0.00 ms.
Mono: successfully reloaded assembly
- Completed reload, in  1.398 seconds
Platform modules already initialized, skipping
Refreshing native plugins compatible for Editor in 0.68 ms, found 3 plugins.
Preloading 0 native plugins for Editor in 0.00 ms.
Unloading 2123 Unused Serialized files (Serialized files now loaded: 0)
System memory in use before: 99.0 MB.
System memory in use after: 98.3 MB.

Unloading 34 unused Assets to reduce memory usage. Loaded Objects now: 2655.
Total: 3.079600 ms (FindLiveObjects: 0.261500 ms CreateObjectMapping: 0.110600 ms MarkObjects: 2.183500 ms  DeleteObjects: 0.523100 ms)

========================================================================
Received Prepare
Registering precompiled user dll's ...
Registered in 0.004786 seconds.
Begin MonoManager ReloadAssembly
Native extension for WindowsStandalone target not found
Refreshing native plugins compatible for Editor in 1.03 ms, found 3 plugins.
Preloading 0 native plugins for Editor in 0.00 ms.
Mono: successfully reloaded assembly
- Completed reload, in  1.378 seconds
Platform modules already initialized, skipping
Refreshing native plugins compatible for Editor in 0.63 ms, found 3 plugins.
Preloading 0 native plugins for Editor in 0.00 ms.
Unloading 2123 Unused Serialized files (Serialized files now loaded: 0)
System memory in use before: 99.0 MB.
System memory in use after: 98.3 MB.

Unloading 34 unused Assets to reduce memory usage. Loaded Objects now: 2659.
Total: 3.056800 ms (FindLiveObjects: 0.245800 ms CreateObjectMapping: 0.088000 ms MarkObjects: 2.191400 ms  DeleteObjects: 0.530500 ms)

========================================================================
Received Import Request.
  Time since last request: 801.425242 seconds.
  path: ProjectSettings/TagManager.asset
  artifactKey: Guid(00000000000000003000000000000000) Importer(815301076,1909f56bfc062723c751e8b465ee728b)
Start importing ProjectSettings/TagManager.asset using Guid(00000000000000003000000000000000) Importer(815301076,1909f56bfc062723c751e8b465ee728b)  -> (artifact id: '95df672b4aaba54310d34c83eef51bb8') in 0.034152 seconds
  Import took 0.041103 seconds .

========================================================================
Received Import Request.
  Time since last request: 22.323397 seconds.
  path: ProjectSettings/TagManager.asset
  artifactKey: Guid(00000000000000003000000000000000) Importer(815301076,1909f56bfc062723c751e8b465ee728b)
Start importing ProjectSettings/TagManager.asset using Guid(00000000000000003000000000000000) Importer(815301076,1909f56bfc062723c751e8b465ee728b)  -> (artifact id: 'ce6a35c3cddc746e7501c0bd0ed6d4ce') in 0.005395 seconds
  Import took 0.010808 seconds .

========================================================================
Received Prepare
Registering precompiled user dll's ...
Registered in 0.005023 seconds.
Begin MonoManager ReloadAssembly
Native extension for WindowsStandalone target not found
Refreshing native plugins compatible for Editor in 0.59 ms, found 3 plugins.
Preloading 0 native plugins for Editor in 0.00 ms.
Mono: successfully reloaded assembly
- Completed reload, in  1.363 seconds
Platform modules already initialized, skipping
Refreshing native plugins compatible for Editor in 0.66 ms, found 3 plugins.
Preloading 0 native plugins for Editor in 0.00 ms.
Unloading 2123 Unused Serialized files (Serialized files now loaded: 0)
System memory in use before: 99.0 MB.
System memory in use after: 98.3 MB.

Unloading 36 unused Assets to reduce memory usage. Loaded Objects now: 2663.
Total: 3.099600 ms (FindLiveObjects: 0.240400 ms CreateObjectMapping: 0.094500 ms MarkObjects: 2.243600 ms  DeleteObjects: 0.520200 ms)

========================================================================
Received Prepare
Registering precompiled user dll's ...
Registered in 0.004841 seconds.
Begin MonoManager ReloadAssembly
Native extension for WindowsStandalone target not found
Refreshing native plugins compatible for Editor in 0.71 ms, found 3 plugins.
Preloading 0 native plugins for Editor in 0.00 ms.
Mono: successfully reloaded assembly
- Completed reload, in  1.361 seconds
Platform modules already initialized, skipping
Refreshing native plugins compatible for Editor in 0.89 ms, found 3 plugins.
Preloading 0 native plugins for Editor in 0.00 ms.
Unloading 2123 Unused Serialized files (Serialized files now loaded: 0)
System memory in use before: 99.0 MB.
System memory in use after: 98.3 MB.

Unloading 34 unused Assets to reduce memory usage. Loaded Objects now: 2667.
Total: 4.261200 ms (FindLiveObjects: 0.287800 ms CreateObjectMapping: 0.131500 ms MarkObjects: 3.253300 ms  DeleteObjects: 0.587100 ms)

========================================================================
Received Prepare
Registering precompiled user dll's ...
Registered in 0.005524 seconds.
Begin MonoManager ReloadAssembly
Native extension for WindowsStandalone target not found
Refreshing native plugins compatible for Editor in 0.55 ms, found 3 plugins.
Preloading 0 native plugins for Editor in 0.00 ms.
Mono: successfully reloaded assembly
- Completed reload, in  1.368 seconds
Platform modules already initialized, skipping
Refreshing native plugins compatible for Editor in 0.56 ms, found 3 plugins.
Preloading 0 native plugins for Editor in 0.00 ms.
Unloading 2123 Unused Serialized files (Serialized files now loaded: 0)
System memory in use before: 99.0 MB.
System memory in use after: 98.3 MB.

Unloading 34 unused Assets to reduce memory usage. Loaded Objects now: 2671.
Total: 3.123200 ms (FindLiveObjects: 0.221100 ms CreateObjectMapping: 0.093100 ms MarkObjects: 2.289500 ms  DeleteObjects: 0.518400 ms)

========================================================================
Received Prepare
Registering precompiled user dll's ...
Registered in 0.004834 seconds.
Begin MonoManager ReloadAssembly
Native extension for WindowsStandalone target not found
Refreshing native plugins compatible for Editor in 0.55 ms, found 3 plugins.
Preloading 0 native plugins for Editor in 0.00 ms.
Mono: successfully reloaded assembly
- Completed reload, in  1.268 seconds
Platform modules already initialized, skipping
Refreshing native plugins compatible for Editor in 0.59 ms, found 3 plugins.
Preloading 0 native plugins for Editor in 0.00 ms.
Unloading 2123 Unused Serialized files (Serialized files now loaded: 0)
System memory in use before: 99.0 MB.
System memory in use after: 98.3 MB.

Unloading 34 unused Assets to reduce memory usage. Loaded Objects now: 2675.
Total: 3.103300 ms (FindLiveObjects: 0.223200 ms CreateObjectMapping: 0.093400 ms MarkObjects: 2.253900 ms  DeleteObjects: 0.531600 ms)

========================================================================
Received Prepare
Registering precompiled user dll's ...
Registered in 0.004853 seconds.
Begin MonoManager ReloadAssembly
Native extension for WindowsStandalone target not found
Refreshing native plugins compatible for Editor in 0.57 ms, found 3 plugins.
Preloading 0 native plugins for Editor in 0.00 ms.
Mono: successfully reloaded assembly
- Completed reload, in  1.261 seconds
Platform modules already initialized, skipping
Refreshing native plugins compatible for Editor in 0.61 ms, found 3 plugins.
Preloading 0 native plugins for Editor in 0.00 ms.
Unloading 2123 Unused Serialized files (Serialized files now loaded: 0)
System memory in use before: 99.0 MB.
System memory in use after: 98.4 MB.

Unloading 34 unused Assets to reduce memory usage. Loaded Objects now: 2679.
Total: 3.896900 ms (FindLiveObjects: 0.229500 ms CreateObjectMapping: 0.089700 ms MarkObjects: 3.066700 ms  DeleteObjects: 0.509400 ms)

========================================================================
Received Prepare
Registering precompiled user dll's ...
Registered in 0.005836 seconds.
Begin MonoManager ReloadAssembly
Native extension for WindowsStandalone target not found
Refreshing native plugins compatible for Editor in 0.59 ms, found 3 plugins.
Preloading 0 native plugins for Editor in 0.00 ms.
Mono: successfully reloaded assembly
- Completed reload, in  1.246 seconds
Platform modules already initialized, skipping
Refreshing native plugins compatible for Editor in 0.54 ms, found 3 plugins.
Preloading 0 native plugins for Editor in 0.00 ms.
Unloading 2123 Unused Serialized files (Serialized files now loaded: 0)
System memory in use before: 99.0 MB.
System memory in use after: 98.4 MB.

Unloading 34 unused Assets to reduce memory usage. Loaded Objects now: 2683.
Total: 3.271200 ms (FindLiveObjects: 0.211900 ms CreateObjectMapping: 0.087200 ms MarkObjects: 2.460400 ms  DeleteObjects: 0.510700 ms)

========================================================================
Received Prepare
Registering precompiled user dll's ...
Registered in 0.005185 seconds.
Begin MonoManager ReloadAssembly
Native extension for WindowsStandalone target not found
Refreshing native plugins compatible for Editor in 0.58 ms, found 3 plugins.
Preloading 0 native plugins for Editor in 0.00 ms.
Mono: successfully reloaded assembly
- Completed reload, in  1.295 seconds
Platform modules already initialized, skipping
Refreshing native plugins compatible for Editor in 0.55 ms, found 3 plugins.
Preloading 0 native plugins for Editor in 0.00 ms.
Unloading 2123 Unused Serialized files (Serialized files now loaded: 0)
System memory in use before: 99.1 MB.
System memory in use after: 98.4 MB.

Unloading 34 unused Assets to reduce memory usage. Loaded Objects now: 2687.
Total: 3.262700 ms (FindLiveObjects: 0.245900 ms CreateObjectMapping: 0.136900 ms MarkObjects: 2.336300 ms  DeleteObjects: 0.542400 ms)

