Using pre-set license
Built from '2020.3/staging' branch; Version is '2020.3.10f1 (297d780c91bc) revision 2719096'; Using compiler version '192528614'; Build Type 'Release'
OS: 'Windows 10 Pro; OS build 19041.572; Version 2004; 64bit' Language: 'ru' Physical Memory: 16321 MB
BatchMode: 1, IsHumanControllingUs: 0, StartBugReporterOnCrash: 0, Is64bit: 1, IsPro: 0

 COMMAND LINE ARGUMENTS:
C:\Program Files\Unity\Hub\Editor\2020.3.10f1\Editor\Unity.exe
-adb2
-batchMode
-noUpm
-name
AssetImportWorker0
-projectPath
C:/Projects/Farm/Farm
-logFile
Logs/AssetImportWorker0.log
-srvPort
62916
Successfully changed project path to: C:/Projects/Farm/Farm
C:/Projects/Farm/Farm
Using Asset Import Pipeline V2.
Refreshing native plugins compatible for Editor in 63.20 ms, found 3 plugins.
Preloading 0 native plugins for Editor in 0.00 ms.
Initialize engine version: 2020.3.10f1 (297d780c91bc)
[Subsystems] Discovering subsystems at path C:/Program Files/Unity/Hub/Editor/2020.3.10f1/Editor/Data/Resources/UnitySubsystems
[Subsystems] Discovering subsystems at path C:/Projects/Farm/Farm/Assets
GfxDevice: creating device client; threaded=0
Direct3D:
    Version:  Direct3D 11.0 [level 11.1]
    Renderer: NVIDIA GeForce RTX 2060 (ID=0x1f08)
    Vendor:   
    VRAM:     5980 MB
    Driver:   27.21.14.6231
Initialize mono
Mono path[0] = 'C:/Program Files/Unity/Hub/Editor/2020.3.10f1/Editor/Data/Managed'
Mono path[1] = 'C:/Program Files/Unity/Hub/Editor/2020.3.10f1/Editor/Data/MonoBleedingEdge/lib/mono/unityjit'
Mono config path = 'C:/Program Files/Unity/Hub/Editor/2020.3.10f1/Editor/Data/MonoBleedingEdge/etc'
Using monoOptions --debugger-agent=transport=dt_socket,embedding=1,server=y,suspend=n,address=127.0.0.1:56120
Begin MonoManager ReloadAssembly
Registering precompiled unity dll's ...
Register platform support module: C:/Program Files/Unity/Hub/Editor/2020.3.10f1/Editor/Data/PlaybackEngines/WindowsStandaloneSupport/UnityEditor.WindowsStandalone.Extensions.dll
Registered in 0.002605 seconds.
Native extension for WindowsStandalone target not found
Refreshing native plugins compatible for Editor in 55.49 ms, found 3 plugins.
Preloading 0 native plugins for Editor in 0.00 ms.
Mono: successfully reloaded assembly
- Completed reload, in  2.668 seconds
Platform modules already initialized, skipping
Registering precompiled user dll's ...
Registered in 0.005703 seconds.
Begin MonoManager ReloadAssembly
Native extension for WindowsStandalone target not found
Refreshing native plugins compatible for Editor in 55.47 ms, found 3 plugins.
Preloading 0 native plugins for Editor in 0.00 ms.
Mono: successfully reloaded assembly
- Completed reload, in  1.572 seconds
Platform modules already initialized, skipping
========================================================================
Worker process is ready to serve import requests
Launched and connected shader compiler UnityShaderCompiler.exe after 0.06 seconds
Refreshing native plugins compatible for Editor in 0.56 ms, found 3 plugins.
Preloading 0 native plugins for Editor in 0.00 ms.
Unloading 2128 Unused Serialized files (Serialized files now loaded: 0)
System memory in use before: 96.0 MB.
System memory in use after: 96.0 MB.

Unloading 33 unused Assets to reduce memory usage. Loaded Objects now: 2562.
Total: 2.609300 ms (FindLiveObjects: 0.224200 ms CreateObjectMapping: 0.095600 ms MarkObjects: 2.126000 ms  DeleteObjects: 0.162400 ms)

========================================================================
Received Import Request.
  path: Assets/Scenes/Main.unity
  artifactKey: Guid(2cda990e2423bbf4892e6590ba056729) Importer(815301076,1909f56bfc062723c751e8b465ee728b)
Start importing Assets/Scenes/Main.unity using Guid(2cda990e2423bbf4892e6590ba056729) Importer(815301076,1909f56bfc062723c751e8b465ee728b)  -> (artifact id: '02dabac04d938c93c21c56e4ab61c8e5') in 0.023401 seconds
  Import took 0.028757 seconds .

========================================================================
Received Import Request.
  Time since last request: 0.000194 seconds.
  path: Assets/Scenes
  artifactKey: Guid(1d0434250d0c0eb49a62e80dda21e97d) Importer(815301076,1909f56bfc062723c751e8b465ee728b)
Start importing Assets/Scenes using Guid(1d0434250d0c0eb49a62e80dda21e97d) Importer(815301076,1909f56bfc062723c751e8b465ee728b)  -> (artifact id: '006f83eacd784e5d6b82867867cbc5b0') in 0.016396 seconds
  Import took 0.020750 seconds .

========================================================================
Received Prepare
Registering precompiled user dll's ...
Registered in 0.008090 seconds.
Begin MonoManager ReloadAssembly
Native extension for WindowsStandalone target not found
Refreshing native plugins compatible for Editor in 0.55 ms, found 3 plugins.
Preloading 0 native plugins for Editor in 0.00 ms.
Mono: successfully reloaded assembly
- Completed reload, in  1.453 seconds
Platform modules already initialized, skipping
Refreshing native plugins compatible for Editor in 0.68 ms, found 3 plugins.
Preloading 0 native plugins for Editor in 0.00 ms.
Unloading 2110 Unused Serialized files (Serialized files now loaded: 0)
System memory in use before: 94.7 MB.
System memory in use after: 94.7 MB.

Unloading 21 unused Assets to reduce memory usage. Loaded Objects now: 2566.
Total: 4.634200 ms (FindLiveObjects: 0.204800 ms CreateObjectMapping: 0.089000 ms MarkObjects: 4.002400 ms  DeleteObjects: 0.336500 ms)

========================================================================
Received Prepare
Registering precompiled user dll's ...
Registered in 0.004808 seconds.
Begin MonoManager ReloadAssembly
Native extension for WindowsStandalone target not found
Refreshing native plugins compatible for Editor in 0.63 ms, found 3 plugins.
Preloading 0 native plugins for Editor in 0.00 ms.
Mono: successfully reloaded assembly
- Completed reload, in  1.411 seconds
Platform modules already initialized, skipping
Refreshing native plugins compatible for Editor in 0.90 ms, found 3 plugins.
Preloading 0 native plugins for Editor in 0.00 ms.
Unloading 2110 Unused Serialized files (Serialized files now loaded: 0)
System memory in use before: 94.8 MB.
System memory in use after: 94.7 MB.

Unloading 21 unused Assets to reduce memory usage. Loaded Objects now: 2570.
Total: 3.591600 ms (FindLiveObjects: 0.404600 ms CreateObjectMapping: 0.129300 ms MarkObjects: 2.885500 ms  DeleteObjects: 0.161100 ms)

========================================================================
Received Prepare
Registering precompiled user dll's ...
Registered in 0.007076 seconds.
Begin MonoManager ReloadAssembly
Native extension for WindowsStandalone target not found
Refreshing native plugins compatible for Editor in 0.53 ms, found 3 plugins.
Preloading 0 native plugins for Editor in 0.00 ms.
Mono: successfully reloaded assembly
- Completed reload, in  1.343 seconds
Platform modules already initialized, skipping
Refreshing native plugins compatible for Editor in 0.61 ms, found 3 plugins.
Preloading 0 native plugins for Editor in 0.00 ms.
Unloading 2110 Unused Serialized files (Serialized files now loaded: 0)
System memory in use before: 94.8 MB.
System memory in use after: 94.8 MB.

Unloading 21 unused Assets to reduce memory usage. Loaded Objects now: 2574.
Total: 4.376900 ms (FindLiveObjects: 0.227900 ms CreateObjectMapping: 0.095700 ms MarkObjects: 3.902600 ms  DeleteObjects: 0.148900 ms)

========================================================================
Received Prepare
Registering precompiled user dll's ...
Registered in 0.004932 seconds.
Begin MonoManager ReloadAssembly
Native extension for WindowsStandalone target not found
Refreshing native plugins compatible for Editor in 0.56 ms, found 3 plugins.
Preloading 0 native plugins for Editor in 0.00 ms.
Mono: successfully reloaded assembly
- Completed reload, in  1.434 seconds
Platform modules already initialized, skipping
Refreshing native plugins compatible for Editor in 0.60 ms, found 3 plugins.
Preloading 0 native plugins for Editor in 0.00 ms.
Unloading 2110 Unused Serialized files (Serialized files now loaded: 0)
System memory in use before: 94.8 MB.
System memory in use after: 94.8 MB.

Unloading 21 unused Assets to reduce memory usage. Loaded Objects now: 2578.
Total: 2.595600 ms (FindLiveObjects: 0.206700 ms CreateObjectMapping: 0.087700 ms MarkObjects: 2.137500 ms  DeleteObjects: 0.162900 ms)

========================================================================
Received Prepare
Registering precompiled user dll's ...
Registered in 0.005476 seconds.
Begin MonoManager ReloadAssembly
Native extension for WindowsStandalone target not found
Refreshing native plugins compatible for Editor in 0.66 ms, found 3 plugins.
Preloading 0 native plugins for Editor in 0.00 ms.
Mono: successfully reloaded assembly
- Completed reload, in  1.704 seconds
Platform modules already initialized, skipping
Refreshing native plugins compatible for Editor in 0.62 ms, found 3 plugins.
Preloading 0 native plugins for Editor in 0.00 ms.
Unloading 2110 Unused Serialized files (Serialized files now loaded: 0)
System memory in use before: 94.8 MB.
System memory in use after: 94.8 MB.

Unloading 21 unused Assets to reduce memory usage. Loaded Objects now: 2582.
Total: 4.679300 ms (FindLiveObjects: 0.246800 ms CreateObjectMapping: 1.584000 ms MarkObjects: 2.701700 ms  DeleteObjects: 0.144800 ms)

========================================================================
Received Prepare
Registering precompiled user dll's ...
Registered in 0.188492 seconds.
Begin MonoManager ReloadAssembly
Native extension for WindowsStandalone target not found
Refreshing native plugins compatible for Editor in 0.67 ms, found 3 plugins.
Preloading 0 native plugins for Editor in 0.00 ms.
Mono: successfully reloaded assembly
- Completed reload, in  1.659 seconds
Platform modules already initialized, skipping
Refreshing native plugins compatible for Editor in 0.58 ms, found 3 plugins.
Preloading 0 native plugins for Editor in 0.00 ms.
Unloading 2110 Unused Serialized files (Serialized files now loaded: 0)
System memory in use before: 94.8 MB.
System memory in use after: 94.8 MB.

Unloading 21 unused Assets to reduce memory usage. Loaded Objects now: 2586.
Total: 2.996800 ms (FindLiveObjects: 0.270100 ms CreateObjectMapping: 0.087200 ms MarkObjects: 2.321000 ms  DeleteObjects: 0.317200 ms)

========================================================================
Received Prepare
Registering precompiled user dll's ...
Registered in 0.005168 seconds.
Begin MonoManager ReloadAssembly
Native extension for WindowsStandalone target not found
Refreshing native plugins compatible for Editor in 1.04 ms, found 3 plugins.
Preloading 0 native plugins for Editor in 0.00 ms.
Mono: successfully reloaded assembly
- Completed reload, in  1.532 seconds
Platform modules already initialized, skipping
Refreshing native plugins compatible for Editor in 0.57 ms, found 3 plugins.
Preloading 0 native plugins for Editor in 0.00 ms.
Unloading 2110 Unused Serialized files (Serialized files now loaded: 0)
System memory in use before: 94.8 MB.
System memory in use after: 94.8 MB.

Unloading 21 unused Assets to reduce memory usage. Loaded Objects now: 2590.
Total: 2.766100 ms (FindLiveObjects: 0.289000 ms CreateObjectMapping: 0.087000 ms MarkObjects: 2.217900 ms  DeleteObjects: 0.171300 ms)

========================================================================
Received Import Request.
  Time since last request: 27313.809474 seconds.
  path: Assets/Prefabs/House_0.prefab
  artifactKey: Guid(a1a1cbf362c4d6b489174784c9806608) Importer(815301076,1909f56bfc062723c751e8b465ee728b)
Start importing Assets/Prefabs/House_0.prefab using Guid(a1a1cbf362c4d6b489174784c9806608) Importer(815301076,1909f56bfc062723c751e8b465ee728b)  -> (artifact id: '0cd21f5a1c2cbb190dd77a6132cde53e') in 0.253377 seconds
  Import took 0.272452 seconds .

========================================================================
Received Prepare
Registering precompiled user dll's ...
Registered in 0.004840 seconds.
Begin MonoManager ReloadAssembly
Native extension for WindowsStandalone target not found
Refreshing native plugins compatible for Editor in 0.61 ms, found 3 plugins.
Preloading 0 native plugins for Editor in 0.00 ms.
Mono: successfully reloaded assembly
- Completed reload, in  1.517 seconds
Platform modules already initialized, skipping
Refreshing native plugins compatible for Editor in 0.56 ms, found 3 plugins.
Preloading 0 native plugins for Editor in 0.00 ms.
Unloading 2110 Unused Serialized files (Serialized files now loaded: 0)
System memory in use before: 97.8 MB.
System memory in use after: 97.8 MB.

Unloading 21 unused Assets to reduce memory usage. Loaded Objects now: 2601.
Total: 3.362400 ms (FindLiveObjects: 0.244200 ms CreateObjectMapping: 0.094000 ms MarkObjects: 2.729600 ms  DeleteObjects: 0.292800 ms)

========================================================================
Received Import Request.
  Time since last request: 25.221997 seconds.
  path: Assets/Prefabs/House_0.prefab
  artifactKey: Guid(a1a1cbf362c4d6b489174784c9806608) Importer(815301076,1909f56bfc062723c751e8b465ee728b)
Start importing Assets/Prefabs/House_0.prefab using Guid(a1a1cbf362c4d6b489174784c9806608) Importer(815301076,1909f56bfc062723c751e8b465ee728b)  -> (artifact id: '4bafe21d6dcf88221e6770bf0ea86588') in 0.088240 seconds
  Import took 0.110703 seconds .

========================================================================
Received Prepare
Registering precompiled user dll's ...
Registered in 0.005748 seconds.
Begin MonoManager ReloadAssembly
Native extension for WindowsStandalone target not found
Refreshing native plugins compatible for Editor in 0.60 ms, found 3 plugins.
Preloading 0 native plugins for Editor in 0.00 ms.
Mono: successfully reloaded assembly
- Completed reload, in  1.284 seconds
Platform modules already initialized, skipping
Refreshing native plugins compatible for Editor in 0.58 ms, found 3 plugins.
Preloading 0 native plugins for Editor in 0.00 ms.
Unloading 2110 Unused Serialized files (Serialized files now loaded: 0)
System memory in use before: 97.8 MB.
System memory in use after: 97.8 MB.

Unloading 21 unused Assets to reduce memory usage. Loaded Objects now: 2606.
Total: 3.377800 ms (FindLiveObjects: 0.218400 ms CreateObjectMapping: 0.087400 ms MarkObjects: 2.902500 ms  DeleteObjects: 0.168100 ms)

========================================================================
Received Import Request.
  Time since last request: 138.158673 seconds.
  path: Assets/Prefabs/House_1.prefab
  artifactKey: Guid(01e191d6ff796ad4e93092b038730963) Importer(815301076,1909f56bfc062723c751e8b465ee728b)
Start importing Assets/Prefabs/House_1.prefab using Guid(01e191d6ff796ad4e93092b038730963) Importer(815301076,1909f56bfc062723c751e8b465ee728b)  -> (artifact id: 'b1838256c2fb343a06323ec24e0c78ee') in 0.097029 seconds
  Import took 0.129606 seconds .

========================================================================
Received Import Request.
  Time since last request: 128.085310 seconds.
  path: Assets/Prefabs/House_2.prefab
  artifactKey: Guid(ab7c8e779b134e3408f86cb471bfed17) Importer(815301076,1909f56bfc062723c751e8b465ee728b)
Start importing Assets/Prefabs/House_2.prefab using Guid(ab7c8e779b134e3408f86cb471bfed17) Importer(815301076,1909f56bfc062723c751e8b465ee728b)  -> (artifact id: '50c7bad323109915ca88f64cc8c6855d') in 0.031978 seconds
  Import took 0.063743 seconds .

========================================================================
Received Prepare
Registering precompiled user dll's ...
Registered in 0.005153 seconds.
Begin MonoManager ReloadAssembly
Native extension for WindowsStandalone target not found
Refreshing native plugins compatible for Editor in 0.56 ms, found 3 plugins.
Preloading 0 native plugins for Editor in 0.00 ms.
Mono: successfully reloaded assembly
- Completed reload, in  1.451 seconds
Platform modules already initialized, skipping
Refreshing native plugins compatible for Editor in 0.62 ms, found 3 plugins.
Preloading 0 native plugins for Editor in 0.00 ms.
Unloading 2110 Unused Serialized files (Serialized files now loaded: 0)
System memory in use before: 97.8 MB.
System memory in use after: 97.8 MB.

Unloading 21 unused Assets to reduce memory usage. Loaded Objects now: 2611.
Total: 4.460600 ms (FindLiveObjects: 0.217400 ms CreateObjectMapping: 0.095200 ms MarkObjects: 3.986600 ms  DeleteObjects: 0.159900 ms)

========================================================================
Received Prepare
Registering precompiled user dll's ...
Registered in 0.004855 seconds.
Begin MonoManager ReloadAssembly
Native extension for WindowsStandalone target not found
Refreshing native plugins compatible for Editor in 0.63 ms, found 3 plugins.
Preloading 0 native plugins for Editor in 0.00 ms.
Mono: successfully reloaded assembly
- Completed reload, in  1.542 seconds
Platform modules already initialized, skipping
Refreshing native plugins compatible for Editor in 0.57 ms, found 3 plugins.
Preloading 0 native plugins for Editor in 0.00 ms.
Unloading 2110 Unused Serialized files (Serialized files now loaded: 0)
System memory in use before: 97.8 MB.
System memory in use after: 97.8 MB.

Unloading 21 unused Assets to reduce memory usage. Loaded Objects now: 2615.
Total: 2.816700 ms (FindLiveObjects: 0.290200 ms CreateObjectMapping: 0.128500 ms MarkObjects: 2.225600 ms  DeleteObjects: 0.171100 ms)

========================================================================
Received Prepare
Registering precompiled user dll's ...
Registered in 0.005393 seconds.
Begin MonoManager ReloadAssembly
Native extension for WindowsStandalone target not found
Refreshing native plugins compatible for Editor in 0.57 ms, found 3 plugins.
Preloading 0 native plugins for Editor in 0.00 ms.
Mono: successfully reloaded assembly
- Completed reload, in  1.446 seconds
Platform modules already initialized, skipping
Refreshing native plugins compatible for Editor in 0.56 ms, found 3 plugins.
Preloading 0 native plugins for Editor in 0.00 ms.
Unloading 2110 Unused Serialized files (Serialized files now loaded: 0)
System memory in use before: 97.9 MB.
System memory in use after: 97.8 MB.

Unloading 21 unused Assets to reduce memory usage. Loaded Objects now: 2619.
Total: 4.624800 ms (FindLiveObjects: 0.227700 ms CreateObjectMapping: 0.097600 ms MarkObjects: 4.039200 ms  DeleteObjects: 0.258700 ms)

========================================================================
Received Prepare
Registering precompiled user dll's ...
Registered in 0.005419 seconds.
Begin MonoManager ReloadAssembly
Native extension for WindowsStandalone target not found
Refreshing native plugins compatible for Editor in 0.62 ms, found 3 plugins.
Preloading 0 native plugins for Editor in 0.00 ms.
Mono: successfully reloaded assembly
- Completed reload, in  2.245 seconds
Platform modules already initialized, skipping
Refreshing native plugins compatible for Editor in 0.60 ms, found 3 plugins.
Preloading 0 native plugins for Editor in 0.00 ms.
Unloading 2110 Unused Serialized files (Serialized files now loaded: 0)
System memory in use before: 97.9 MB.
System memory in use after: 97.8 MB.

Unloading 21 unused Assets to reduce memory usage. Loaded Objects now: 2623.
Total: 5.007200 ms (FindLiveObjects: 0.233700 ms CreateObjectMapping: 0.095200 ms MarkObjects: 4.468000 ms  DeleteObjects: 0.208400 ms)

========================================================================
Received Prepare
Registering precompiled user dll's ...
Registered in 0.006692 seconds.
Begin MonoManager ReloadAssembly
Native extension for WindowsStandalone target not found
Refreshing native plugins compatible for Editor in 0.80 ms, found 3 plugins.
Preloading 0 native plugins for Editor in 0.00 ms.
Mono: successfully reloaded assembly
- Completed reload, in  1.550 seconds
Platform modules already initialized, skipping
Refreshing native plugins compatible for Editor in 0.57 ms, found 3 plugins.
Preloading 0 native plugins for Editor in 0.00 ms.
Unloading 2110 Unused Serialized files (Serialized files now loaded: 0)
System memory in use before: 97.9 MB.
System memory in use after: 97.8 MB.

Unloading 21 unused Assets to reduce memory usage. Loaded Objects now: 2627.
Total: 30.527000 ms (FindLiveObjects: 0.261500 ms CreateObjectMapping: 0.094300 ms MarkObjects: 6.442500 ms  DeleteObjects: 23.726900 ms)

========================================================================
Received Prepare
Registering precompiled user dll's ...
Registered in 0.007380 seconds.
Begin MonoManager ReloadAssembly
Native extension for WindowsStandalone target not found
Refreshing native plugins compatible for Editor in 0.57 ms, found 3 plugins.
Preloading 0 native plugins for Editor in 0.00 ms.
Mono: successfully reloaded assembly
- Completed reload, in  1.511 seconds
Platform modules already initialized, skipping
Refreshing native plugins compatible for Editor in 0.56 ms, found 3 plugins.
Preloading 0 native plugins for Editor in 0.00 ms.
Unloading 2110 Unused Serialized files (Serialized files now loaded: 0)
System memory in use before: 97.9 MB.
System memory in use after: 97.9 MB.

Unloading 21 unused Assets to reduce memory usage. Loaded Objects now: 2631.
Total: 2.651100 ms (FindLiveObjects: 0.212100 ms CreateObjectMapping: 0.086500 ms MarkObjects: 2.181300 ms  DeleteObjects: 0.169900 ms)

========================================================================
Received Prepare
Registering precompiled user dll's ...
Registered in 0.006156 seconds.
Begin MonoManager ReloadAssembly
Native extension for WindowsStandalone target not found
Refreshing native plugins compatible for Editor in 0.59 ms, found 3 plugins.
Preloading 0 native plugins for Editor in 0.00 ms.
Mono: successfully reloaded assembly
- Completed reload, in  1.432 seconds
Platform modules already initialized, skipping
Refreshing native plugins compatible for Editor in 0.56 ms, found 3 plugins.
Preloading 0 native plugins for Editor in 0.00 ms.
Unloading 2110 Unused Serialized files (Serialized files now loaded: 0)
System memory in use before: 97.9 MB.
System memory in use after: 97.9 MB.

Unloading 21 unused Assets to reduce memory usage. Loaded Objects now: 2635.
Total: 3.886000 ms (FindLiveObjects: 0.219700 ms CreateObjectMapping: 0.093000 ms MarkObjects: 3.377800 ms  DeleteObjects: 0.194500 ms)

========================================================================
Received Prepare
Registering precompiled user dll's ...
Registered in 0.007469 seconds.
Begin MonoManager ReloadAssembly
Native extension for WindowsStandalone target not found
Refreshing native plugins compatible for Editor in 0.79 ms, found 3 plugins.
Preloading 0 native plugins for Editor in 0.00 ms.
Mono: successfully reloaded assembly
- Completed reload, in  1.495 seconds
Platform modules already initialized, skipping
Refreshing native plugins compatible for Editor in 0.57 ms, found 3 plugins.
Preloading 0 native plugins for Editor in 0.00 ms.
Unloading 2110 Unused Serialized files (Serialized files now loaded: 0)
System memory in use before: 97.9 MB.
System memory in use after: 97.9 MB.

Unloading 21 unused Assets to reduce memory usage. Loaded Objects now: 2639.
Total: 3.131000 ms (FindLiveObjects: 0.226300 ms CreateObjectMapping: 0.116200 ms MarkObjects: 2.629900 ms  DeleteObjects: 0.157700 ms)

========================================================================
Received Prepare
Registering precompiled user dll's ...
Registered in 0.005032 seconds.
Begin MonoManager ReloadAssembly
Native extension for WindowsStandalone target not found
Refreshing native plugins compatible for Editor in 0.62 ms, found 3 plugins.
Preloading 0 native plugins for Editor in 0.00 ms.
Mono: successfully reloaded assembly
- Completed reload, in  1.689 seconds
Platform modules already initialized, skipping
Refreshing native plugins compatible for Editor in 0.56 ms, found 3 plugins.
Preloading 0 native plugins for Editor in 0.00 ms.
Unloading 2110 Unused Serialized files (Serialized files now loaded: 0)
System memory in use before: 97.9 MB.
System memory in use after: 97.9 MB.

Unloading 21 unused Assets to reduce memory usage. Loaded Objects now: 2643.
Total: 2.804200 ms (FindLiveObjects: 0.222000 ms CreateObjectMapping: 0.109500 ms MarkObjects: 2.298100 ms  DeleteObjects: 0.173700 ms)

========================================================================
Received Prepare
Registering precompiled user dll's ...
Registered in 0.007855 seconds.
Begin MonoManager ReloadAssembly
Native extension for WindowsStandalone target not found
Refreshing native plugins compatible for Editor in 0.92 ms, found 3 plugins.
Preloading 0 native plugins for Editor in 0.00 ms.
Mono: successfully reloaded assembly
- Completed reload, in  1.694 seconds
Platform modules already initialized, skipping
Refreshing native plugins compatible for Editor in 0.79 ms, found 3 plugins.
Preloading 0 native plugins for Editor in 0.00 ms.
Unloading 2110 Unused Serialized files (Serialized files now loaded: 0)
System memory in use before: 97.9 MB.
System memory in use after: 97.9 MB.

Unloading 21 unused Assets to reduce memory usage. Loaded Objects now: 2647.
Total: 3.661100 ms (FindLiveObjects: 0.232600 ms CreateObjectMapping: 0.095300 ms MarkObjects: 3.175100 ms  DeleteObjects: 0.156600 ms)

========================================================================
Received Prepare
Registering precompiled user dll's ...
Registered in 0.011787 seconds.
Begin MonoManager ReloadAssembly
Native extension for WindowsStandalone target not found
Refreshing native plugins compatible for Editor in 0.56 ms, found 3 plugins.
Preloading 0 native plugins for Editor in 0.00 ms.
Mono: successfully reloaded assembly
- Completed reload, in  1.485 seconds
Platform modules already initialized, skipping
Refreshing native plugins compatible for Editor in 0.56 ms, found 3 plugins.
Preloading 0 native plugins for Editor in 0.00 ms.
Unloading 2110 Unused Serialized files (Serialized files now loaded: 0)
System memory in use before: 97.9 MB.
System memory in use after: 97.9 MB.

Unloading 21 unused Assets to reduce memory usage. Loaded Objects now: 2651.
Total: 4.071500 ms (FindLiveObjects: 0.283700 ms CreateObjectMapping: 0.092300 ms MarkObjects: 3.515000 ms  DeleteObjects: 0.179000 ms)

========================================================================
Received Import Request.
  Time since last request: 8064.430882 seconds.
  path: Assets/Prefabs/House_0.prefab
  artifactKey: Guid(a1a1cbf362c4d6b489174784c9806608) Importer(815301076,1909f56bfc062723c751e8b465ee728b)
Start importing Assets/Prefabs/House_0.prefab using Guid(a1a1cbf362c4d6b489174784c9806608) Importer(815301076,1909f56bfc062723c751e8b465ee728b)  -> (artifact id: '3cf0d436d29eb99aa15ee086bd8a9737') in 0.150846 seconds
  Import took 0.168344 seconds .

========================================================================
Received Import Request.
  Time since last request: 0.000236 seconds.
  path: Assets/Prefabs/House_1.prefab
  artifactKey: Guid(01e191d6ff796ad4e93092b038730963) Importer(815301076,1909f56bfc062723c751e8b465ee728b)
Start importing Assets/Prefabs/House_1.prefab using Guid(01e191d6ff796ad4e93092b038730963) Importer(815301076,1909f56bfc062723c751e8b465ee728b)  -> (artifact id: '3a4aab21ea024a82c87aeb68d00f2c46') in 0.040535 seconds
  Import took 0.044817 seconds .

========================================================================
Received Import Request.
  Time since last request: 0.000214 seconds.
  path: Assets/Prefabs/House_2.prefab
  artifactKey: Guid(ab7c8e779b134e3408f86cb471bfed17) Importer(815301076,1909f56bfc062723c751e8b465ee728b)
Start importing Assets/Prefabs/House_2.prefab using Guid(ab7c8e779b134e3408f86cb471bfed17) Importer(815301076,1909f56bfc062723c751e8b465ee728b)  -> (artifact id: 'b8a1f4107ab4b57caebcf6db30f99f92') in 0.037766 seconds
  Import took 0.042739 seconds .

========================================================================
Received Import Request.
  Time since last request: 472.393367 seconds.
  path: Assets/Sprites/Resources.png
  artifactKey: Guid(0c247dc09f695df46b6c31109e0a0649) Importer(815301076,1909f56bfc062723c751e8b465ee728b)
Start importing Assets/Sprites/Resources.png using Guid(0c247dc09f695df46b6c31109e0a0649) Importer(815301076,1909f56bfc062723c751e8b465ee728b)  -> (artifact id: 'ba0b16ae2c78b83895defd0d02d8e890') in 0.135651 seconds
  Import took 0.161675 seconds .

========================================================================
Received Import Request.
  Time since last request: 0.004428 seconds.
  path: Assets/Sprites/Resources.png
  artifactKey: Guid(0c247dc09f695df46b6c31109e0a0649) Importer(815301076,1909f56bfc062723c751e8b465ee728b)
Start importing Assets/Sprites/Resources.png using Guid(0c247dc09f695df46b6c31109e0a0649) Importer(815301076,1909f56bfc062723c751e8b465ee728b)  -> (artifact id: 'ba0b16ae2c78b83895defd0d02d8e890') in 0.023963 seconds
  Import took 0.029373 seconds .

========================================================================
Received Import Request.
  Time since last request: 5.012731 seconds.
  path: Assets/Sprites/Resources.png
  artifactKey: Guid(0c247dc09f695df46b6c31109e0a0649) Importer(815301076,1909f56bfc062723c751e8b465ee728b)
Start importing Assets/Sprites/Resources.png using Guid(0c247dc09f695df46b6c31109e0a0649) Importer(815301076,1909f56bfc062723c751e8b465ee728b)  -> (artifact id: 'cb469cd4dc774083bc3a609236931a52') in 0.043097 seconds
  Import took 0.048759 seconds .

========================================================================
Received Import Request.
  Time since last request: 6.046724 seconds.
  path: Assets/Sprites/Resources.png
  artifactKey: Guid(0c247dc09f695df46b6c31109e0a0649) Importer(815301076,1909f56bfc062723c751e8b465ee728b)
Start importing Assets/Sprites/Resources.png using Guid(0c247dc09f695df46b6c31109e0a0649) Importer(815301076,1909f56bfc062723c751e8b465ee728b)  -> (artifact id: 'b23728e93c12cb610ae6367bb547a82d') in 0.048783 seconds
  Import took 0.065782 seconds .

========================================================================
Received Import Request.
  Time since last request: 90.098703 seconds.
  path: Assets/Prefabs/Resources_0.prefab
  artifactKey: Guid(d0275b8a2ee18ca4c8a985f6448b0b0a) Importer(815301076,1909f56bfc062723c751e8b465ee728b)
Start importing Assets/Prefabs/Resources_0.prefab using Guid(d0275b8a2ee18ca4c8a985f6448b0b0a) Importer(815301076,1909f56bfc062723c751e8b465ee728b)  -> (artifact id: 'b0c154ba15909c233e0cc2c446f7ba3a') in 0.041898 seconds
  Import took 0.064292 seconds .

========================================================================
Received Import Request.
  Time since last request: 0.000397 seconds.
  path: Assets/Prefabs/Resources_0.prefab
  artifactKey: Guid(d0275b8a2ee18ca4c8a985f6448b0b0a) Importer(815301076,1909f56bfc062723c751e8b465ee728b)
Start importing Assets/Prefabs/Resources_0.prefab using Guid(d0275b8a2ee18ca4c8a985f6448b0b0a) Importer(815301076,1909f56bfc062723c751e8b465ee728b)  -> (artifact id: 'b0c154ba15909c233e0cc2c446f7ba3a') in 0.031314 seconds
  Import took 0.035818 seconds .

========================================================================
Received Import Request.
  Time since last request: 2.121724 seconds.
  path: Assets/Prefabs/Resources_1.prefab
  artifactKey: Guid(222c54e0c96dea344a69f6161e48d9e4) Importer(815301076,1909f56bfc062723c751e8b465ee728b)
Start importing Assets/Prefabs/Resources_1.prefab using Guid(222c54e0c96dea344a69f6161e48d9e4) Importer(815301076,1909f56bfc062723c751e8b465ee728b)  -> (artifact id: '6111ba43067d7a28e42af30f01991f2e') in 0.041563 seconds
  Import took 0.072090 seconds .

========================================================================
Received Import Request.
  Time since last request: 1.596219 seconds.
  path: Assets/Prefabs/Resources_2.prefab
  artifactKey: Guid(64a89df42a7b9dd4aafa4fd97c91512c) Importer(815301076,1909f56bfc062723c751e8b465ee728b)
Start importing Assets/Prefabs/Resources_2.prefab using Guid(64a89df42a7b9dd4aafa4fd97c91512c) Importer(815301076,1909f56bfc062723c751e8b465ee728b)  -> (artifact id: '73884be2a9ca6d6df842f46f6510b2a5') in 0.046264 seconds
  Import took 0.068511 seconds .

========================================================================
Received Import Request.
  Time since last request: 13.518241 seconds.
  path: Assets/Prefabs/House_0.prefab
  artifactKey: Guid(a1a1cbf362c4d6b489174784c9806608) Importer(815301076,1909f56bfc062723c751e8b465ee728b)
Start importing Assets/Prefabs/House_0.prefab using Guid(a1a1cbf362c4d6b489174784c9806608) Importer(815301076,1909f56bfc062723c751e8b465ee728b)  -> (artifact id: 'fceabcc3b0a74d6bec858512df866979') in 0.034420 seconds
  Import took 0.045971 seconds .

========================================================================
Received Import Request.
  Time since last request: 3.058853 seconds.
  path: Assets/Prefabs/House_1.prefab
  artifactKey: Guid(01e191d6ff796ad4e93092b038730963) Importer(815301076,1909f56bfc062723c751e8b465ee728b)
Start importing Assets/Prefabs/House_1.prefab using Guid(01e191d6ff796ad4e93092b038730963) Importer(815301076,1909f56bfc062723c751e8b465ee728b)  -> (artifact id: '2fbbe60e2a5a7c741d7ab75d988f70af') in 0.041355 seconds
  Import took 0.064857 seconds .

========================================================================
Received Import Request.
  Time since last request: 3.045277 seconds.
  path: Assets/Prefabs/House_2.prefab
  artifactKey: Guid(ab7c8e779b134e3408f86cb471bfed17) Importer(815301076,1909f56bfc062723c751e8b465ee728b)
Start importing Assets/Prefabs/House_2.prefab using Guid(ab7c8e779b134e3408f86cb471bfed17) Importer(815301076,1909f56bfc062723c751e8b465ee728b)  -> (artifact id: '0e6791bacae23b377ea559c540012054') in 0.045532 seconds
  Import took 0.053241 seconds .

========================================================================
Received Import Request.
  Time since last request: 20.937735 seconds.
  path: Assets/Scripts/Resorce.cs
  artifactKey: Guid(53f0a104a76e9414e9f7f697aaecf93b) Importer(815301076,1909f56bfc062723c751e8b465ee728b)
Start importing Assets/Scripts/Resorce.cs using Guid(53f0a104a76e9414e9f7f697aaecf93b) Importer(815301076,1909f56bfc062723c751e8b465ee728b)  -> (artifact id: '35feb6d88ee28acc45686a4ce1da20dc') in 0.039926 seconds
  Import took 0.064241 seconds .

========================================================================
Received Prepare
Registering precompiled user dll's ...
Registered in 0.008617 seconds.
Begin MonoManager ReloadAssembly
Native extension for WindowsStandalone target not found
Refreshing native plugins compatible for Editor in 1.32 ms, found 3 plugins.
Preloading 0 native plugins for Editor in 0.00 ms.
Mono: successfully reloaded assembly
- Completed reload, in  2.169 seconds
Platform modules already initialized, skipping
Refreshing native plugins compatible for Editor in 0.57 ms, found 3 plugins.
Preloading 0 native plugins for Editor in 0.00 ms.
Unloading 2111 Unused Serialized files (Serialized files now loaded: 0)
System memory in use before: 98.0 MB.
System memory in use after: 98.0 MB.

Unloading 21 unused Assets to reduce memory usage. Loaded Objects now: 2666.
Total: 4.358500 ms (FindLiveObjects: 0.242700 ms CreateObjectMapping: 0.092500 ms MarkObjects: 3.847400 ms  DeleteObjects: 0.173600 ms)

========================================================================
Received Import Request.
  Time since last request: 65.146600 seconds.
  path: Assets/Scripts/Resorce.cs
  artifactKey: Guid(53f0a104a76e9414e9f7f697aaecf93b) Importer(815301076,1909f56bfc062723c751e8b465ee728b)
Start importing Assets/Scripts/Resorce.cs using Guid(53f0a104a76e9414e9f7f697aaecf93b) Importer(815301076,1909f56bfc062723c751e8b465ee728b)  -> (artifact id: 'da30c899f4667198e16c28f99fa84b69') in 0.022122 seconds
  Import took 0.029521 seconds .

========================================================================
Received Import Request.
  Time since last request: 0.000832 seconds.
  path: Assets/Scripts/Resorce.cs
  artifactKey: Guid(53f0a104a76e9414e9f7f697aaecf93b) Importer(815301076,1909f56bfc062723c751e8b465ee728b)
Start importing Assets/Scripts/Resorce.cs using Guid(53f0a104a76e9414e9f7f697aaecf93b) Importer(815301076,1909f56bfc062723c751e8b465ee728b)  -> (artifact id: 'da30c899f4667198e16c28f99fa84b69') in 0.004156 seconds
  Import took 0.012865 seconds .

========================================================================
Received Prepare
Registering precompiled user dll's ...
Registered in 0.006573 seconds.
Begin MonoManager ReloadAssembly
Native extension for WindowsStandalone target not found
Refreshing native plugins compatible for Editor in 0.60 ms, found 3 plugins.
Preloading 0 native plugins for Editor in 0.00 ms.
Mono: successfully reloaded assembly
- Completed reload, in  2.188 seconds
Platform modules already initialized, skipping
Refreshing native plugins compatible for Editor in 0.59 ms, found 3 plugins.
Preloading 0 native plugins for Editor in 0.00 ms.
Unloading 2111 Unused Serialized files (Serialized files now loaded: 0)
System memory in use before: 98.0 MB.
System memory in use after: 98.0 MB.

Unloading 21 unused Assets to reduce memory usage. Loaded Objects now: 2670.
Total: 15.160000 ms (FindLiveObjects: 0.250400 ms CreateObjectMapping: 0.100900 ms MarkObjects: 14.646400 ms  DeleteObjects: 0.160700 ms)

========================================================================
Received Import Request.
  Time since last request: 29.732534 seconds.
  path: Assets/Prefabs/House_0.prefab
  artifactKey: Guid(a1a1cbf362c4d6b489174784c9806608) Importer(815301076,1909f56bfc062723c751e8b465ee728b)
Start importing Assets/Prefabs/House_0.prefab using Guid(a1a1cbf362c4d6b489174784c9806608) Importer(815301076,1909f56bfc062723c751e8b465ee728b)  -> (artifact id: '44d6ecda1b729e94a33ec8635595b318') in 0.179282 seconds
  Import took 0.184129 seconds .

========================================================================
Received Import Request.
  Time since last request: 0.000183 seconds.
  path: Assets/Prefabs/House_1.prefab
  artifactKey: Guid(01e191d6ff796ad4e93092b038730963) Importer(815301076,1909f56bfc062723c751e8b465ee728b)
Start importing Assets/Prefabs/House_1.prefab using Guid(01e191d6ff796ad4e93092b038730963) Importer(815301076,1909f56bfc062723c751e8b465ee728b)  -> (artifact id: '7913ef4f6e6fa0b7f4423701dcd254a8') in 0.048950 seconds
  Import took 0.112619 seconds .

========================================================================
Received Import Request.
  Time since last request: 0.065623 seconds.
  path: Assets/Scripts/Resource.cs
  artifactKey: Guid(53f0a104a76e9414e9f7f697aaecf93b) Importer(815301076,1909f56bfc062723c751e8b465ee728b)
Start importing Assets/Scripts/Resource.cs using Guid(53f0a104a76e9414e9f7f697aaecf93b) Importer(815301076,1909f56bfc062723c751e8b465ee728b)  -> (artifact id: '28620a047ea5f8caa01529b643da39d5') in 0.015965 seconds
  Import took 0.020525 seconds .

========================================================================
Received Import Request.
  Time since last request: 0.000243 seconds.
  path: Assets/Prefabs/House_2.prefab
  artifactKey: Guid(ab7c8e779b134e3408f86cb471bfed17) Importer(815301076,1909f56bfc062723c751e8b465ee728b)
Start importing Assets/Prefabs/House_2.prefab using Guid(ab7c8e779b134e3408f86cb471bfed17) Importer(815301076,1909f56bfc062723c751e8b465ee728b)  -> (artifact id: '8fa00d960be62fe0112681e09cbe7936') in 0.065937 seconds
  Import took 0.090499 seconds .

========================================================================
Received Import Request.
  Time since last request: 7.737954 seconds.
  path: Assets/Prefabs/Resources_0.prefab
  artifactKey: Guid(d0275b8a2ee18ca4c8a985f6448b0b0a) Importer(815301076,1909f56bfc062723c751e8b465ee728b)
Start importing Assets/Prefabs/Resources_0.prefab using Guid(d0275b8a2ee18ca4c8a985f6448b0b0a) Importer(815301076,1909f56bfc062723c751e8b465ee728b)  -> (artifact id: '353cbad2d1a25729d071fb4f497d682a') in 0.051033 seconds
  Import took 0.063519 seconds .

========================================================================
Received Import Request.
  Time since last request: 0.000219 seconds.
  path: Assets/Prefabs/Resources_1.prefab
  artifactKey: Guid(222c54e0c96dea344a69f6161e48d9e4) Importer(815301076,1909f56bfc062723c751e8b465ee728b)
Start importing Assets/Prefabs/Resources_1.prefab using Guid(222c54e0c96dea344a69f6161e48d9e4) Importer(815301076,1909f56bfc062723c751e8b465ee728b)  -> (artifact id: '7e2eb983536805eafb3897d9c43a51e3') in 0.029366 seconds
  Import took 0.034468 seconds .

========================================================================
Received Import Request.
  Time since last request: 0.000211 seconds.
  path: Assets/Prefabs/Resources_2.prefab
  artifactKey: Guid(64a89df42a7b9dd4aafa4fd97c91512c) Importer(815301076,1909f56bfc062723c751e8b465ee728b)
Start importing Assets/Prefabs/Resources_2.prefab using Guid(64a89df42a7b9dd4aafa4fd97c91512c) Importer(815301076,1909f56bfc062723c751e8b465ee728b)  -> (artifact id: '54374476b1147b31bd1e4e44406d1013') in 0.053319 seconds
  Import took 0.105796 seconds .

========================================================================
Received Import Request.
  Time since last request: 7.766237 seconds.
  path: Assets/Prefabs/House_0.prefab
  artifactKey: Guid(a1a1cbf362c4d6b489174784c9806608) Importer(815301076,1909f56bfc062723c751e8b465ee728b)
Start importing Assets/Prefabs/House_0.prefab using Guid(a1a1cbf362c4d6b489174784c9806608) Importer(815301076,1909f56bfc062723c751e8b465ee728b)  -> (artifact id: 'e8326613ada29a47eeb773d1f534267a') in 0.039068 seconds
  Import took 0.047821 seconds .

========================================================================
Received Import Request.
  Time since last request: 3.399123 seconds.
  path: Assets/Prefabs/House_1.prefab
  artifactKey: Guid(01e191d6ff796ad4e93092b038730963) Importer(815301076,1909f56bfc062723c751e8b465ee728b)
Start importing Assets/Prefabs/House_1.prefab using Guid(01e191d6ff796ad4e93092b038730963) Importer(815301076,1909f56bfc062723c751e8b465ee728b)  -> (artifact id: '22f1855b3a990b0cf846f86a7617743e') in 0.049542 seconds
  Import took 0.055602 seconds .

========================================================================
Received Import Request.
  Time since last request: 3.081694 seconds.
  path: Assets/Prefabs/House_2.prefab
  artifactKey: Guid(ab7c8e779b134e3408f86cb471bfed17) Importer(815301076,1909f56bfc062723c751e8b465ee728b)
Start importing Assets/Prefabs/House_2.prefab using Guid(ab7c8e779b134e3408f86cb471bfed17) Importer(815301076,1909f56bfc062723c751e8b465ee728b)  -> (artifact id: 'b89d2a21bbae04fcbce3772cf331076e') in 0.044961 seconds
  Import took 0.051718 seconds .

========================================================================
Received Prepare
Registering precompiled user dll's ...
Registered in 0.004993 seconds.
Begin MonoManager ReloadAssembly
Native extension for WindowsStandalone target not found
Refreshing native plugins compatible for Editor in 1.33 ms, found 3 plugins.
Preloading 0 native plugins for Editor in 0.00 ms.
Mono: successfully reloaded assembly
- Completed reload, in  1.560 seconds
Platform modules already initialized, skipping
Refreshing native plugins compatible for Editor in 0.57 ms, found 3 plugins.
Preloading 0 native plugins for Editor in 0.00 ms.
Unloading 2111 Unused Serialized files (Serialized files now loaded: 0)
System memory in use before: 98.0 MB.
System memory in use after: 98.0 MB.

Unloading 21 unused Assets to reduce memory usage. Loaded Objects now: 2675.
Total: 3.151100 ms (FindLiveObjects: 0.241400 ms CreateObjectMapping: 0.157500 ms MarkObjects: 2.602100 ms  DeleteObjects: 0.148600 ms)

========================================================================
Received Import Request.
  Time since last request: 450.158747 seconds.
  path: Assets/Prefabs/Resources_0.prefab
  artifactKey: Guid(d0275b8a2ee18ca4c8a985f6448b0b0a) Importer(815301076,1909f56bfc062723c751e8b465ee728b)
Start importing Assets/Prefabs/Resources_0.prefab using Guid(d0275b8a2ee18ca4c8a985f6448b0b0a) Importer(815301076,1909f56bfc062723c751e8b465ee728b)  -> (artifact id: '025751b79dfe1b3b6c6da0a78f7ec4b2') in 0.115162 seconds
  Import took 0.120469 seconds .

========================================================================
Received Import Request.
  Time since last request: 862.306704 seconds.
  path: Assets/Prefabs/Resources_0.prefab
  artifactKey: Guid(d0275b8a2ee18ca4c8a985f6448b0b0a) Importer(815301076,1909f56bfc062723c751e8b465ee728b)
Start importing Assets/Prefabs/Resources_0.prefab using Guid(d0275b8a2ee18ca4c8a985f6448b0b0a) Importer(815301076,1909f56bfc062723c751e8b465ee728b)  -> (artifact id: 'a3dafa9e214b7834747b59151b2e84d5') in 0.060018 seconds
  Import took 0.076598 seconds .

========================================================================
Received Import Request.
  Time since last request: 5.199071 seconds.
  path: Assets/Prefabs/Resources_0.prefab
  artifactKey: Guid(d0275b8a2ee18ca4c8a985f6448b0b0a) Importer(815301076,1909f56bfc062723c751e8b465ee728b)
Start importing Assets/Prefabs/Resources_0.prefab using Guid(d0275b8a2ee18ca4c8a985f6448b0b0a) Importer(815301076,1909f56bfc062723c751e8b465ee728b)  -> (artifact id: '84d10356cdda716f7dde85e62e2d7f9e') in 0.031704 seconds
  Import took 0.042079 seconds .

========================================================================
Received Import Request.
  Time since last request: 9.703487 seconds.
  path: Assets/Prefabs/Resources_0.prefab
  artifactKey: Guid(d0275b8a2ee18ca4c8a985f6448b0b0a) Importer(815301076,1909f56bfc062723c751e8b465ee728b)
Start importing Assets/Prefabs/Resources_0.prefab using Guid(d0275b8a2ee18ca4c8a985f6448b0b0a) Importer(815301076,1909f56bfc062723c751e8b465ee728b)  -> (artifact id: 'c43a541947b41ec8cea43218823bf339') in 0.017883 seconds
  Import took 0.035788 seconds .

========================================================================
Received Import Request.
  Time since last request: 5.562527 seconds.
  path: Assets/Prefabs/Resources_0.prefab
  artifactKey: Guid(d0275b8a2ee18ca4c8a985f6448b0b0a) Importer(815301076,1909f56bfc062723c751e8b465ee728b)
Start importing Assets/Prefabs/Resources_0.prefab using Guid(d0275b8a2ee18ca4c8a985f6448b0b0a) Importer(815301076,1909f56bfc062723c751e8b465ee728b)  -> (artifact id: '7f0dcd2c09a170d2f3f54686c5338b2c') in 0.023906 seconds
  Import took 0.044760 seconds .

========================================================================
Received Prepare
Registering precompiled user dll's ...
Registered in 0.128644 seconds.
Begin MonoManager ReloadAssembly
Native extension for WindowsStandalone target not found
Refreshing native plugins compatible for Editor in 0.58 ms, found 3 plugins.
Preloading 0 native plugins for Editor in 0.00 ms.
Mono: successfully reloaded assembly
- Completed reload, in  1.541 seconds
Platform modules already initialized, skipping
Refreshing native plugins compatible for Editor in 0.66 ms, found 3 plugins.
Preloading 0 native plugins for Editor in 0.00 ms.
Unloading 2111 Unused Serialized files (Serialized files now loaded: 0)
System memory in use before: 98.0 MB.
System memory in use after: 98.0 MB.

Unloading 21 unused Assets to reduce memory usage. Loaded Objects now: 2680.
Total: 2.713900 ms (FindLiveObjects: 0.246900 ms CreateObjectMapping: 0.088400 ms MarkObjects: 2.218300 ms  DeleteObjects: 0.158900 ms)

========================================================================
Received Import Request.
  Time since last request: 145.540767 seconds.
  path: Assets/Prefabs/Resources_0.prefab
  artifactKey: Guid(d0275b8a2ee18ca4c8a985f6448b0b0a) Importer(815301076,1909f56bfc062723c751e8b465ee728b)
Start importing Assets/Prefabs/Resources_0.prefab using Guid(d0275b8a2ee18ca4c8a985f6448b0b0a) Importer(815301076,1909f56bfc062723c751e8b465ee728b)  -> (artifact id: '049854d34d5172d13ec67064075596ff') in 0.079640 seconds
  Import took 0.122798 seconds .

========================================================================
Received Prepare
Registering precompiled user dll's ...
Registered in 0.008728 seconds.
Begin MonoManager ReloadAssembly
Native extension for WindowsStandalone target not found
Refreshing native plugins compatible for Editor in 0.59 ms, found 3 plugins.
Preloading 0 native plugins for Editor in 0.00 ms.
Mono: successfully reloaded assembly
- Completed reload, in  1.675 seconds
Platform modules already initialized, skipping
Refreshing native plugins compatible for Editor in 0.60 ms, found 3 plugins.
Preloading 0 native plugins for Editor in 0.00 ms.
Unloading 2111 Unused Serialized files (Serialized files now loaded: 0)
System memory in use before: 98.1 MB.
System memory in use after: 98.0 MB.

Unloading 21 unused Assets to reduce memory usage. Loaded Objects now: 2685.
Total: 3.012400 ms (FindLiveObjects: 0.225300 ms CreateObjectMapping: 0.093800 ms MarkObjects: 2.532200 ms  DeleteObjects: 0.160100 ms)

========================================================================
Received Import Request.
  Time since last request: 22.033084 seconds.
  path: Assets/Prefabs/Resources_0.prefab
  artifactKey: Guid(d0275b8a2ee18ca4c8a985f6448b0b0a) Importer(815301076,1909f56bfc062723c751e8b465ee728b)
Start importing Assets/Prefabs/Resources_0.prefab using Guid(d0275b8a2ee18ca4c8a985f6448b0b0a) Importer(815301076,1909f56bfc062723c751e8b465ee728b)  -> (artifact id: 'fd46bd16776381c9d79c8331e265c54f') in 0.090615 seconds
  Import took 0.095362 seconds .

========================================================================
Received Import Request.
  Time since last request: 0.000317 seconds.
  path: Assets/Prefabs/Resources_1.prefab
  artifactKey: Guid(222c54e0c96dea344a69f6161e48d9e4) Importer(815301076,1909f56bfc062723c751e8b465ee728b)
Start importing Assets/Prefabs/Resources_1.prefab using Guid(222c54e0c96dea344a69f6161e48d9e4) Importer(815301076,1909f56bfc062723c751e8b465ee728b)  -> (artifact id: 'f88873fa3a7b4fe605af7b3603213e46') in 0.032281 seconds
  Import took 0.037883 seconds .

========================================================================
Received Import Request.
  Time since last request: 0.000200 seconds.
  path: Assets/Prefabs/Resources_2.prefab
  artifactKey: Guid(64a89df42a7b9dd4aafa4fd97c91512c) Importer(815301076,1909f56bfc062723c751e8b465ee728b)
Start importing Assets/Prefabs/Resources_2.prefab using Guid(64a89df42a7b9dd4aafa4fd97c91512c) Importer(815301076,1909f56bfc062723c751e8b465ee728b)  -> (artifact id: '888af38827d6300223708c9f1b025030') in 0.029372 seconds
  Import took 0.033411 seconds .

========================================================================
Received Import Request.
  Time since last request: 0.001465 seconds.
  path: Assets/Prefabs/Resources_2.prefab
  artifactKey: Guid(64a89df42a7b9dd4aafa4fd97c91512c) Importer(815301076,1909f56bfc062723c751e8b465ee728b)
Start importing Assets/Prefabs/Resources_2.prefab using Guid(64a89df42a7b9dd4aafa4fd97c91512c) Importer(815301076,1909f56bfc062723c751e8b465ee728b)  -> (artifact id: '888af38827d6300223708c9f1b025030') in 0.024682 seconds
  Import took 0.030558 seconds .

========================================================================
Received Prepare
Registering precompiled user dll's ...
Registered in 0.007016 seconds.
Begin MonoManager ReloadAssembly
Native extension for WindowsStandalone target not found
Refreshing native plugins compatible for Editor in 0.85 ms, found 3 plugins.
Preloading 0 native plugins for Editor in 0.00 ms.
Mono: successfully reloaded assembly
- Completed reload, in  1.498 seconds
Platform modules already initialized, skipping
Refreshing native plugins compatible for Editor in 0.56 ms, found 3 plugins.
Preloading 0 native plugins for Editor in 0.00 ms.
Unloading 2111 Unused Serialized files (Serialized files now loaded: 0)
System memory in use before: 98.1 MB.
System memory in use after: 98.1 MB.

Unloading 21 unused Assets to reduce memory usage. Loaded Objects now: 2690.
Total: 5.936300 ms (FindLiveObjects: 0.214400 ms CreateObjectMapping: 0.085400 ms MarkObjects: 4.019000 ms  DeleteObjects: 1.615800 ms)

========================================================================
Received Prepare
Registering precompiled user dll's ...
Registered in 0.004859 seconds.
Begin MonoManager ReloadAssembly
Native extension for WindowsStandalone target not found
Refreshing native plugins compatible for Editor in 0.59 ms, found 3 plugins.
Preloading 0 native plugins for Editor in 0.00 ms.
Mono: successfully reloaded assembly
- Completed reload, in  1.527 seconds
Platform modules already initialized, skipping
Refreshing native plugins compatible for Editor in 0.59 ms, found 3 plugins.
Preloading 0 native plugins for Editor in 0.00 ms.
Unloading 2111 Unused Serialized files (Serialized files now loaded: 0)
System memory in use before: 98.1 MB.
System memory in use after: 98.1 MB.

Unloading 21 unused Assets to reduce memory usage. Loaded Objects now: 2694.
Total: 2.710700 ms (FindLiveObjects: 0.233200 ms CreateObjectMapping: 0.095100 ms MarkObjects: 2.226100 ms  DeleteObjects: 0.154800 ms)

========================================================================
Received Prepare
Registering precompiled user dll's ...
Registered in 0.010364 seconds.
Begin MonoManager ReloadAssembly
Native extension for WindowsStandalone target not found
Refreshing native plugins compatible for Editor in 0.62 ms, found 3 plugins.
Preloading 0 native plugins for Editor in 0.00 ms.
Mono: successfully reloaded assembly
- Completed reload, in  1.425 seconds
Platform modules already initialized, skipping
Refreshing native plugins compatible for Editor in 0.57 ms, found 3 plugins.
Preloading 0 native plugins for Editor in 0.00 ms.
Unloading 2111 Unused Serialized files (Serialized files now loaded: 0)
System memory in use before: 98.1 MB.
System memory in use after: 98.1 MB.

Unloading 21 unused Assets to reduce memory usage. Loaded Objects now: 2698.
Total: 2.693200 ms (FindLiveObjects: 0.237900 ms CreateObjectMapping: 0.092200 ms MarkObjects: 2.195100 ms  DeleteObjects: 0.166700 ms)

========================================================================
Received Prepare
Registering precompiled user dll's ...
Registered in 0.004953 seconds.
Begin MonoManager ReloadAssembly
Native extension for WindowsStandalone target not found
Refreshing native plugins compatible for Editor in 0.56 ms, found 3 plugins.
Preloading 0 native plugins for Editor in 0.00 ms.
Mono: successfully reloaded assembly
- Completed reload, in  1.481 seconds
Platform modules already initialized, skipping
Refreshing native plugins compatible for Editor in 0.60 ms, found 3 plugins.
Preloading 0 native plugins for Editor in 0.00 ms.
Unloading 2111 Unused Serialized files (Serialized files now loaded: 0)
System memory in use before: 98.1 MB.
System memory in use after: 98.1 MB.

Unloading 21 unused Assets to reduce memory usage. Loaded Objects now: 2702.
Total: 3.570400 ms (FindLiveObjects: 0.228200 ms CreateObjectMapping: 0.092400 ms MarkObjects: 3.090400 ms  DeleteObjects: 0.158200 ms)

========================================================================
Received Prepare
Registering precompiled user dll's ...
Registered in 0.004816 seconds.
Begin MonoManager ReloadAssembly
Native extension for WindowsStandalone target not found
Refreshing native plugins compatible for Editor in 0.60 ms, found 3 plugins.
Preloading 0 native plugins for Editor in 0.00 ms.
Mono: successfully reloaded assembly
- Completed reload, in  1.458 seconds
Platform modules already initialized, skipping
Refreshing native plugins compatible for Editor in 0.59 ms, found 3 plugins.
Preloading 0 native plugins for Editor in 0.00 ms.
Unloading 2111 Unused Serialized files (Serialized files now loaded: 0)
System memory in use before: 98.1 MB.
System memory in use after: 98.1 MB.

Unloading 21 unused Assets to reduce memory usage. Loaded Objects now: 2706.
Total: 3.346400 ms (FindLiveObjects: 0.220600 ms CreateObjectMapping: 0.628800 ms MarkObjects: 2.337800 ms  DeleteObjects: 0.158000 ms)

========================================================================
Received Prepare
Registering precompiled user dll's ...
Registered in 0.004689 seconds.
Begin MonoManager ReloadAssembly
Native extension for WindowsStandalone target not found
Refreshing native plugins compatible for Editor in 0.54 ms, found 3 plugins.
Preloading 0 native plugins for Editor in 0.00 ms.
Mono: successfully reloaded assembly
- Completed reload, in  1.478 seconds
Platform modules already initialized, skipping
Refreshing native plugins compatible for Editor in 0.57 ms, found 3 plugins.
Preloading 0 native plugins for Editor in 0.00 ms.
Unloading 2111 Unused Serialized files (Serialized files now loaded: 0)
System memory in use before: 98.2 MB.
System memory in use after: 98.2 MB.

Unloading 21 unused Assets to reduce memory usage. Loaded Objects now: 2710.
Total: 2.822900 ms (FindLiveObjects: 0.262500 ms CreateObjectMapping: 0.100400 ms MarkObjects: 2.310700 ms  DeleteObjects: 0.148100 ms)

========================================================================
Received Prepare
Registering precompiled user dll's ...
Registered in 0.005899 seconds.
Begin MonoManager ReloadAssembly
Native extension for WindowsStandalone target not found
Refreshing native plugins compatible for Editor in 0.54 ms, found 3 plugins.
Preloading 0 native plugins for Editor in 0.00 ms.
Mono: successfully reloaded assembly
- Completed reload, in  1.513 seconds
Platform modules already initialized, skipping
Refreshing native plugins compatible for Editor in 0.56 ms, found 3 plugins.
Preloading 0 native plugins for Editor in 0.00 ms.
Unloading 2111 Unused Serialized files (Serialized files now loaded: 0)
System memory in use before: 98.2 MB.
System memory in use after: 98.2 MB.

Unloading 21 unused Assets to reduce memory usage. Loaded Objects now: 2714.
Total: 2.766500 ms (FindLiveObjects: 0.237800 ms CreateObjectMapping: 0.086800 ms MarkObjects: 2.257200 ms  DeleteObjects: 0.183900 ms)

========================================================================
Received Prepare
Registering precompiled user dll's ...
Registered in 0.004813 seconds.
Begin MonoManager ReloadAssembly
Native extension for WindowsStandalone target not found
Refreshing native plugins compatible for Editor in 0.59 ms, found 3 plugins.
Preloading 0 native plugins for Editor in 0.00 ms.
Mono: successfully reloaded assembly
- Completed reload, in  1.588 seconds
Platform modules already initialized, skipping
Refreshing native plugins compatible for Editor in 0.56 ms, found 3 plugins.
Preloading 0 native plugins for Editor in 0.00 ms.
Unloading 2111 Unused Serialized files (Serialized files now loaded: 0)
System memory in use before: 98.2 MB.
System memory in use after: 98.3 MB.

Unloading 21 unused Assets to reduce memory usage. Loaded Objects now: 2718.
Total: 2.653300 ms (FindLiveObjects: 0.244700 ms CreateObjectMapping: 0.104100 ms MarkObjects: 2.140100 ms  DeleteObjects: 0.163300 ms)

========================================================================
Received Prepare
Registering precompiled user dll's ...
Registered in 0.004814 seconds.
Begin MonoManager ReloadAssembly
Native extension for WindowsStandalone target not found
Refreshing native plugins compatible for Editor in 0.56 ms, found 3 plugins.
Preloading 0 native plugins for Editor in 0.00 ms.
Mono: successfully reloaded assembly
- Completed reload, in  1.457 seconds
Platform modules already initialized, skipping
Refreshing native plugins compatible for Editor in 0.84 ms, found 3 plugins.
Preloading 0 native plugins for Editor in 0.00 ms.
Unloading 2111 Unused Serialized files (Serialized files now loaded: 0)
System memory in use before: 98.2 MB.
System memory in use after: 98.3 MB.

Unloading 21 unused Assets to reduce memory usage. Loaded Objects now: 2722.
Total: 3.283000 ms (FindLiveObjects: 0.356700 ms CreateObjectMapping: 0.227900 ms MarkObjects: 2.522600 ms  DeleteObjects: 0.174500 ms)

========================================================================
Received Prepare
Registering precompiled user dll's ...
Registered in 0.004791 seconds.
Begin MonoManager ReloadAssembly
Native extension for WindowsStandalone target not found
Refreshing native plugins compatible for Editor in 1.66 ms, found 3 plugins.
Preloading 0 native plugins for Editor in 0.00 ms.
Mono: successfully reloaded assembly
- Completed reload, in  1.448 seconds
Platform modules already initialized, skipping
Refreshing native plugins compatible for Editor in 0.57 ms, found 3 plugins.
Preloading 0 native plugins for Editor in 0.00 ms.
Unloading 2111 Unused Serialized files (Serialized files now loaded: 0)
System memory in use before: 98.2 MB.
System memory in use after: 98.3 MB.

Unloading 21 unused Assets to reduce memory usage. Loaded Objects now: 2726.
Total: 3.134400 ms (FindLiveObjects: 0.267900 ms CreateObjectMapping: 0.146800 ms MarkObjects: 2.547400 ms  DeleteObjects: 0.171100 ms)

========================================================================
Received Prepare
Registering precompiled user dll's ...
Registered in 0.006910 seconds.
Begin MonoManager ReloadAssembly
Native extension for WindowsStandalone target not found
Refreshing native plugins compatible for Editor in 0.60 ms, found 3 plugins.
Preloading 0 native plugins for Editor in 0.00 ms.
Mono: successfully reloaded assembly
- Completed reload, in  1.455 seconds
Platform modules already initialized, skipping
Refreshing native plugins compatible for Editor in 0.58 ms, found 3 plugins.
Preloading 0 native plugins for Editor in 0.00 ms.
Unloading 2111 Unused Serialized files (Serialized files now loaded: 0)
System memory in use before: 98.3 MB.
System memory in use after: 98.3 MB.

Unloading 21 unused Assets to reduce memory usage. Loaded Objects now: 2730.
Total: 3.535600 ms (FindLiveObjects: 0.344600 ms CreateObjectMapping: 0.212400 ms MarkObjects: 2.822600 ms  DeleteObjects: 0.154800 ms)

========================================================================
Received Prepare
Registering precompiled user dll's ...
Registered in 0.007888 seconds.
Begin MonoManager ReloadAssembly
Native extension for WindowsStandalone target not found
Refreshing native plugins compatible for Editor in 0.54 ms, found 3 plugins.
Preloading 0 native plugins for Editor in 0.00 ms.
Mono: successfully reloaded assembly
- Completed reload, in  1.423 seconds
Platform modules already initialized, skipping
Refreshing native plugins compatible for Editor in 0.60 ms, found 3 plugins.
Preloading 0 native plugins for Editor in 0.00 ms.
Unloading 2111 Unused Serialized files (Serialized files now loaded: 0)
System memory in use before: 98.3 MB.
System memory in use after: 98.3 MB.

Unloading 21 unused Assets to reduce memory usage. Loaded Objects now: 2734.
Total: 3.037600 ms (FindLiveObjects: 0.308000 ms CreateObjectMapping: 0.119300 ms MarkObjects: 2.430200 ms  DeleteObjects: 0.179000 ms)

========================================================================
Received Prepare
Registering precompiled user dll's ...
Registered in 0.005662 seconds.
Begin MonoManager ReloadAssembly
Native extension for WindowsStandalone target not found
Refreshing native plugins compatible for Editor in 0.68 ms, found 3 plugins.
Preloading 0 native plugins for Editor in 0.00 ms.
Mono: successfully reloaded assembly
- Completed reload, in  1.504 seconds
Platform modules already initialized, skipping
Refreshing native plugins compatible for Editor in 1.73 ms, found 3 plugins.
Preloading 0 native plugins for Editor in 0.00 ms.
Unloading 2111 Unused Serialized files (Serialized files now loaded: 0)
System memory in use before: 98.3 MB.
System memory in use after: 98.3 MB.

Unloading 21 unused Assets to reduce memory usage. Loaded Objects now: 2738.
Total: 4.293700 ms (FindLiveObjects: 0.246000 ms CreateObjectMapping: 0.102200 ms MarkObjects: 3.784300 ms  DeleteObjects: 0.159700 ms)

========================================================================
Received Prepare
Registering precompiled user dll's ...
Registered in 0.005124 seconds.
Begin MonoManager ReloadAssembly
Native extension for WindowsStandalone target not found
Refreshing native plugins compatible for Editor in 0.63 ms, found 3 plugins.
Preloading 0 native plugins for Editor in 0.00 ms.
Mono: successfully reloaded assembly
- Completed reload, in  1.661 seconds
Platform modules already initialized, skipping
Refreshing native plugins compatible for Editor in 0.61 ms, found 3 plugins.
Preloading 0 native plugins for Editor in 0.00 ms.
Unloading 2111 Unused Serialized files (Serialized files now loaded: 0)
System memory in use before: 98.3 MB.
System memory in use after: 98.4 MB.

Unloading 21 unused Assets to reduce memory usage. Loaded Objects now: 2742.
Total: 3.904800 ms (FindLiveObjects: 0.422600 ms CreateObjectMapping: 0.229200 ms MarkObjects: 3.090200 ms  DeleteObjects: 0.161400 ms)

========================================================================
Received Import Request.
  Time since last request: 662.229739 seconds.
  path: Assets/Prefabs/Resources_0.prefab
  artifactKey: Guid(d0275b8a2ee18ca4c8a985f6448b0b0a) Importer(815301076,1909f56bfc062723c751e8b465ee728b)
Start importing Assets/Prefabs/Resources_0.prefab using Guid(d0275b8a2ee18ca4c8a985f6448b0b0a) Importer(815301076,1909f56bfc062723c751e8b465ee728b)  -> (artifact id: '160561d33bee1a9eab982335722ec9c0') in 0.136981 seconds
  Import took 0.141551 seconds .

========================================================================
Received Prepare
Registering precompiled user dll's ...
Registered in 0.004832 seconds.
Begin MonoManager ReloadAssembly
Native extension for WindowsStandalone target not found
Refreshing native plugins compatible for Editor in 0.61 ms, found 3 plugins.
Preloading 0 native plugins for Editor in 0.00 ms.
Mono: successfully reloaded assembly
- Completed reload, in  1.493 seconds
Platform modules already initialized, skipping
Refreshing native plugins compatible for Editor in 0.58 ms, found 3 plugins.
Preloading 0 native plugins for Editor in 0.00 ms.
Unloading 2111 Unused Serialized files (Serialized files now loaded: 0)
System memory in use before: 98.3 MB.
System memory in use after: 98.4 MB.

Unloading 21 unused Assets to reduce memory usage. Loaded Objects now: 2747.
Total: 5.108700 ms (FindLiveObjects: 0.322500 ms CreateObjectMapping: 0.211800 ms MarkObjects: 4.420100 ms  DeleteObjects: 0.153100 ms)

========================================================================
Received Import Request.
  Time since last request: 147.828086 seconds.
  path: Assets/Prefabs/Resources_0.prefab
  artifactKey: Guid(d0275b8a2ee18ca4c8a985f6448b0b0a) Importer(815301076,1909f56bfc062723c751e8b465ee728b)
Start importing Assets/Prefabs/Resources_0.prefab using Guid(d0275b8a2ee18ca4c8a985f6448b0b0a) Importer(815301076,1909f56bfc062723c751e8b465ee728b)  -> (artifact id: '6a7b6e5be676f1a8d67970e5a5051dbc') in 0.113302 seconds
  Import took 0.120124 seconds .

========================================================================
Received Import Request.
  Time since last request: 4.308744 seconds.
  path: Assets/Prefabs/Resources_1.prefab
  artifactKey: Guid(222c54e0c96dea344a69f6161e48d9e4) Importer(815301076,1909f56bfc062723c751e8b465ee728b)
Start importing Assets/Prefabs/Resources_1.prefab using Guid(222c54e0c96dea344a69f6161e48d9e4) Importer(815301076,1909f56bfc062723c751e8b465ee728b)  -> (artifact id: 'd04fb6076f5967254739818fa40722da') in 0.032705 seconds
  Import took 0.052193 seconds .

========================================================================
Received Import Request.
  Time since last request: 3.302438 seconds.
  path: Assets/Prefabs/Resources_2.prefab
  artifactKey: Guid(64a89df42a7b9dd4aafa4fd97c91512c) Importer(815301076,1909f56bfc062723c751e8b465ee728b)
Start importing Assets/Prefabs/Resources_2.prefab using Guid(64a89df42a7b9dd4aafa4fd97c91512c) Importer(815301076,1909f56bfc062723c751e8b465ee728b)  -> (artifact id: '2e42992e2b952250e5f0de29a318abc5') in 0.043659 seconds
  Import took 0.049059 seconds .

========================================================================
Received Prepare
Registering precompiled user dll's ...
Registered in 0.008449 seconds.
Begin MonoManager ReloadAssembly
Native extension for WindowsStandalone target not found
Refreshing native plugins compatible for Editor in 0.65 ms, found 3 plugins.
Preloading 0 native plugins for Editor in 0.00 ms.
Mono: successfully reloaded assembly
- Completed reload, in  1.819 seconds
Platform modules already initialized, skipping
Refreshing native plugins compatible for Editor in 0.59 ms, found 3 plugins.
Preloading 0 native plugins for Editor in 0.00 ms.
Unloading 2111 Unused Serialized files (Serialized files now loaded: 0)
System memory in use before: 98.3 MB.
System memory in use after: 98.4 MB.

Unloading 21 unused Assets to reduce memory usage. Loaded Objects now: 2752.
Total: 3.218000 ms (FindLiveObjects: 0.242100 ms CreateObjectMapping: 0.094900 ms MarkObjects: 2.729400 ms  DeleteObjects: 0.150300 ms)

========================================================================
Received Prepare
Registering precompiled user dll's ...
Registered in 0.006469 seconds.
Begin MonoManager ReloadAssembly
Native extension for WindowsStandalone target not found
Refreshing native plugins compatible for Editor in 0.65 ms, found 3 plugins.
Preloading 0 native plugins for Editor in 0.00 ms.
Mono: successfully reloaded assembly
- Completed reload, in  1.803 seconds
Platform modules already initialized, skipping
Refreshing native plugins compatible for Editor in 0.57 ms, found 3 plugins.
Preloading 0 native plugins for Editor in 0.00 ms.
Unloading 2111 Unused Serialized files (Serialized files now loaded: 0)
System memory in use before: 98.3 MB.
System memory in use after: 98.4 MB.

Unloading 21 unused Assets to reduce memory usage. Loaded Objects now: 2756.
Total: 3.145700 ms (FindLiveObjects: 0.253200 ms CreateObjectMapping: 0.108500 ms MarkObjects: 2.635000 ms  DeleteObjects: 0.147600 ms)

========================================================================
Received Import Request.
  Time since last request: 345.974849 seconds.
  path: Assets/Prefabs/Resources_0.prefab
  artifactKey: Guid(d0275b8a2ee18ca4c8a985f6448b0b0a) Importer(815301076,1909f56bfc062723c751e8b465ee728b)
Start importing Assets/Prefabs/Resources_0.prefab using Guid(d0275b8a2ee18ca4c8a985f6448b0b0a) Importer(815301076,1909f56bfc062723c751e8b465ee728b)  -> (artifact id: 'bc1a8b2618a54fac57578f4885e69b06') in 0.131654 seconds
  Import took 0.140198 seconds .

========================================================================
Received Import Request.
  Time since last request: 1.777940 seconds.
  path: Assets/Prefabs/Resources_0.prefab
  artifactKey: Guid(d0275b8a2ee18ca4c8a985f6448b0b0a) Importer(815301076,1909f56bfc062723c751e8b465ee728b)
Start importing Assets/Prefabs/Resources_0.prefab using Guid(d0275b8a2ee18ca4c8a985f6448b0b0a) Importer(815301076,1909f56bfc062723c751e8b465ee728b)  -> (artifact id: '6fb6ff1c0da907bb20e0d08728a52db0') in 0.028268 seconds
  Import took 0.032814 seconds .

========================================================================
Received Import Request.
  Time since last request: 7.519052 seconds.
  path: Assets/Prefabs/Resources_1.prefab
  artifactKey: Guid(222c54e0c96dea344a69f6161e48d9e4) Importer(815301076,1909f56bfc062723c751e8b465ee728b)
Start importing Assets/Prefabs/Resources_1.prefab using Guid(222c54e0c96dea344a69f6161e48d9e4) Importer(815301076,1909f56bfc062723c751e8b465ee728b)  -> (artifact id: 'ae54c5a60f7f16dda3d51a91e6db0619') in 0.051532 seconds
  Import took 0.060358 seconds .

========================================================================
Received Import Request.
  Time since last request: 4.157016 seconds.
  path: Assets/Prefabs/Resources_2.prefab
  artifactKey: Guid(64a89df42a7b9dd4aafa4fd97c91512c) Importer(815301076,1909f56bfc062723c751e8b465ee728b)
Start importing Assets/Prefabs/Resources_2.prefab using Guid(64a89df42a7b9dd4aafa4fd97c91512c) Importer(815301076,1909f56bfc062723c751e8b465ee728b)  -> (artifact id: '8626042723a5b72c819610a79d4582c9') in 0.027960 seconds
  Import took 0.035054 seconds .

========================================================================
Received Prepare
Registering precompiled user dll's ...
Registered in 0.005239 seconds.
Begin MonoManager ReloadAssembly
Native extension for WindowsStandalone target not found
Refreshing native plugins compatible for Editor in 1.91 ms, found 3 plugins.
Preloading 0 native plugins for Editor in 0.00 ms.
Mono: successfully reloaded assembly
- Completed reload, in  1.542 seconds
Platform modules already initialized, skipping
Refreshing native plugins compatible for Editor in 0.57 ms, found 3 plugins.
Preloading 0 native plugins for Editor in 0.00 ms.
Unloading 2111 Unused Serialized files (Serialized files now loaded: 0)
System memory in use before: 98.3 MB.
System memory in use after: 98.4 MB.

Unloading 21 unused Assets to reduce memory usage. Loaded Objects now: 2761.
Total: 2.666000 ms (FindLiveObjects: 0.239600 ms CreateObjectMapping: 0.097700 ms MarkObjects: 2.157300 ms  DeleteObjects: 0.170200 ms)

========================================================================
Received Prepare
Registering precompiled user dll's ...
Registered in 0.004755 seconds.
Begin MonoManager ReloadAssembly
Native extension for WindowsStandalone target not found
Refreshing native plugins compatible for Editor in 1.18 ms, found 3 plugins.
Preloading 0 native plugins for Editor in 0.00 ms.
Mono: successfully reloaded assembly
- Completed reload, in  1.451 seconds
Platform modules already initialized, skipping
Refreshing native plugins compatible for Editor in 0.57 ms, found 3 plugins.
Preloading 0 native plugins for Editor in 0.00 ms.
Unloading 2111 Unused Serialized files (Serialized files now loaded: 0)
System memory in use before: 98.3 MB.
System memory in use after: 98.4 MB.

Unloading 21 unused Assets to reduce memory usage. Loaded Objects now: 2765.
Total: 2.647400 ms (FindLiveObjects: 0.251500 ms CreateObjectMapping: 0.101400 ms MarkObjects: 2.128200 ms  DeleteObjects: 0.165300 ms)

========================================================================
Received Prepare
Registering precompiled user dll's ...
Registered in 0.008073 seconds.
Begin MonoManager ReloadAssembly
Native extension for WindowsStandalone target not found
Refreshing native plugins compatible for Editor in 0.89 ms, found 3 plugins.
Preloading 0 native plugins for Editor in 0.00 ms.
Mono: successfully reloaded assembly
- Completed reload, in  1.421 seconds
Platform modules already initialized, skipping
Refreshing native plugins compatible for Editor in 0.56 ms, found 3 plugins.
Preloading 0 native plugins for Editor in 0.00 ms.
Unloading 2111 Unused Serialized files (Serialized files now loaded: 0)
System memory in use before: 98.4 MB.
System memory in use after: 98.4 MB.

Unloading 21 unused Assets to reduce memory usage. Loaded Objects now: 2769.
Total: 2.769500 ms (FindLiveObjects: 0.244500 ms CreateObjectMapping: 0.105600 ms MarkObjects: 2.246400 ms  DeleteObjects: 0.171500 ms)

========================================================================
Received Prepare
Registering precompiled user dll's ...
Registered in 0.004968 seconds.
Begin MonoManager ReloadAssembly
Native extension for WindowsStandalone target not found
Refreshing native plugins compatible for Editor in 0.59 ms, found 3 plugins.
Preloading 0 native plugins for Editor in 0.00 ms.
Mono: successfully reloaded assembly
- Completed reload, in  1.444 seconds
Platform modules already initialized, skipping
Refreshing native plugins compatible for Editor in 0.83 ms, found 3 plugins.
Preloading 0 native plugins for Editor in 0.00 ms.
Unloading 2111 Unused Serialized files (Serialized files now loaded: 0)
System memory in use before: 98.4 MB.
System memory in use after: 98.4 MB.

Unloading 21 unused Assets to reduce memory usage. Loaded Objects now: 2773.
Total: 2.707600 ms (FindLiveObjects: 0.263000 ms CreateObjectMapping: 0.107100 ms MarkObjects: 2.186500 ms  DeleteObjects: 0.149900 ms)

========================================================================
Received Prepare
Registering precompiled user dll's ...
Registered in 0.007674 seconds.
Begin MonoManager ReloadAssembly
Native extension for WindowsStandalone target not found
Refreshing native plugins compatible for Editor in 0.61 ms, found 3 plugins.
Preloading 0 native plugins for Editor in 0.00 ms.
Mono: successfully reloaded assembly
- Completed reload, in  1.494 seconds
Platform modules already initialized, skipping
Refreshing native plugins compatible for Editor in 0.58 ms, found 3 plugins.
Preloading 0 native plugins for Editor in 0.00 ms.
Unloading 2111 Unused Serialized files (Serialized files now loaded: 0)
System memory in use before: 98.4 MB.
System memory in use after: 98.5 MB.

Unloading 21 unused Assets to reduce memory usage. Loaded Objects now: 2777.
Total: 2.888700 ms (FindLiveObjects: 0.274700 ms CreateObjectMapping: 0.104000 ms MarkObjects: 2.359000 ms  DeleteObjects: 0.149600 ms)

========================================================================
Received Prepare
Registering precompiled user dll's ...
Registered in 0.005458 seconds.
Begin MonoManager ReloadAssembly
Native extension for WindowsStandalone target not found
Refreshing native plugins compatible for Editor in 0.57 ms, found 3 plugins.
Preloading 0 native plugins for Editor in 0.00 ms.
Mono: successfully reloaded assembly
- Completed reload, in  1.486 seconds
Platform modules already initialized, skipping
Refreshing native plugins compatible for Editor in 0.56 ms, found 3 plugins.
Preloading 0 native plugins for Editor in 0.00 ms.
Unloading 2111 Unused Serialized files (Serialized files now loaded: 0)
System memory in use before: 98.4 MB.
System memory in use after: 98.5 MB.

Unloading 21 unused Assets to reduce memory usage. Loaded Objects now: 2781.
Total: 6.266600 ms (FindLiveObjects: 0.247700 ms CreateObjectMapping: 0.097200 ms MarkObjects: 5.743000 ms  DeleteObjects: 0.177200 ms)

========================================================================
Received Prepare
Registering precompiled user dll's ...
Registered in 0.004968 seconds.
Begin MonoManager ReloadAssembly
Native extension for WindowsStandalone target not found
Refreshing native plugins compatible for Editor in 0.57 ms, found 3 plugins.
Preloading 0 native plugins for Editor in 0.00 ms.
Mono: successfully reloaded assembly
- Completed reload, in  1.517 seconds
Platform modules already initialized, skipping
Refreshing native plugins compatible for Editor in 0.58 ms, found 3 plugins.
Preloading 0 native plugins for Editor in 0.00 ms.
Unloading 2111 Unused Serialized files (Serialized files now loaded: 0)
System memory in use before: 98.4 MB.
System memory in use after: 98.5 MB.

Unloading 21 unused Assets to reduce memory usage. Loaded Objects now: 2785.
Total: 3.107000 ms (FindLiveObjects: 0.319300 ms CreateObjectMapping: 0.128500 ms MarkObjects: 2.480500 ms  DeleteObjects: 0.177700 ms)

========================================================================
Received Import Request.
  Time since last request: 1058.770288 seconds.
  path: Assets/Prefabs/WheatProduction.prefab
  artifactKey: Guid(a1a1cbf362c4d6b489174784c9806608) Importer(815301076,1909f56bfc062723c751e8b465ee728b)
Start importing Assets/Prefabs/WheatProduction.prefab using Guid(a1a1cbf362c4d6b489174784c9806608) Importer(815301076,1909f56bfc062723c751e8b465ee728b)  -> (artifact id: '4bb05028399b0aae0b2d8d3b71a6e036') in 0.118057 seconds
  Import took 0.126606 seconds .

========================================================================
Received Import Request.
  Time since last request: 17.650275 seconds.
  path: Assets/Prefabs/WoolenFarm.prefab
  artifactKey: Guid(01e191d6ff796ad4e93092b038730963) Importer(815301076,1909f56bfc062723c751e8b465ee728b)
Start importing Assets/Prefabs/WoolenFarm.prefab using Guid(01e191d6ff796ad4e93092b038730963) Importer(815301076,1909f56bfc062723c751e8b465ee728b)  -> (artifact id: '8774ed256988c278ab9be1cd307f8468') in 0.033524 seconds
  Import took 0.051129 seconds .

========================================================================
Received Import Request.
  Time since last request: 25.272800 seconds.
  path: Assets/Prefabs/MilkFarm.prefab
  artifactKey: Guid(ab7c8e779b134e3408f86cb471bfed17) Importer(815301076,1909f56bfc062723c751e8b465ee728b)
Start importing Assets/Prefabs/MilkFarm.prefab using Guid(ab7c8e779b134e3408f86cb471bfed17) Importer(815301076,1909f56bfc062723c751e8b465ee728b)  -> (artifact id: 'a2a940d2d13b2decb4d2b3e74390081f') in 0.041369 seconds
  Import took 0.046223 seconds .

========================================================================
Received Import Request.
  Time since last request: 8.046918 seconds.
  path: Assets/Prefabs/WheatFarm.prefab
  artifactKey: Guid(a1a1cbf362c4d6b489174784c9806608) Importer(815301076,1909f56bfc062723c751e8b465ee728b)
Start importing Assets/Prefabs/WheatFarm.prefab using Guid(a1a1cbf362c4d6b489174784c9806608) Importer(815301076,1909f56bfc062723c751e8b465ee728b)  -> (artifact id: '53fce0e062a783031c940919150cdeba') in 0.033652 seconds
  Import took 0.038873 seconds .

========================================================================
Received Import Request.
  Time since last request: 11.088748 seconds.
  path: Assets/Prefabs/Wheat.prefab
  artifactKey: Guid(d0275b8a2ee18ca4c8a985f6448b0b0a) Importer(815301076,1909f56bfc062723c751e8b465ee728b)
Start importing Assets/Prefabs/Wheat.prefab using Guid(d0275b8a2ee18ca4c8a985f6448b0b0a) Importer(815301076,1909f56bfc062723c751e8b465ee728b)  -> (artifact id: '3d053e907852b4ed763d19e523617cd5') in 0.040120 seconds
  Import took 0.047149 seconds .

========================================================================
Received Import Request.
  Time since last request: 15.994469 seconds.
  path: Assets/Prefabs/Sweater.prefab
  artifactKey: Guid(222c54e0c96dea344a69f6161e48d9e4) Importer(815301076,1909f56bfc062723c751e8b465ee728b)
Start importing Assets/Prefabs/Sweater.prefab using Guid(222c54e0c96dea344a69f6161e48d9e4) Importer(815301076,1909f56bfc062723c751e8b465ee728b)  -> (artifact id: '30206b22fdcf4ba0dbd73530ec4a6a5b') in 0.047317 seconds
  Import took 0.052323 seconds .

========================================================================
Received Import Request.
  Time since last request: 13.639638 seconds.
  path: Assets/Prefabs/Cheese.prefab
  artifactKey: Guid(64a89df42a7b9dd4aafa4fd97c91512c) Importer(815301076,1909f56bfc062723c751e8b465ee728b)
Start importing Assets/Prefabs/Cheese.prefab using Guid(64a89df42a7b9dd4aafa4fd97c91512c) Importer(815301076,1909f56bfc062723c751e8b465ee728b)  -> (artifact id: '1202e8fec5b9c9be7b82a1171c46379c') in 0.036830 seconds
  Import took 0.053119 seconds .

========================================================================
Received Import Request.
  Time since last request: 4.815877 seconds.
  path: ProjectSettings/TagManager.asset
  artifactKey: Guid(00000000000000003000000000000000) Importer(815301076,1909f56bfc062723c751e8b465ee728b)
Start importing ProjectSettings/TagManager.asset using Guid(00000000000000003000000000000000) Importer(815301076,1909f56bfc062723c751e8b465ee728b)  -> (artifact id: '8dc88a0587d9ea1c403d66b03f894d9f') in 0.013873 seconds
  Import took 0.021477 seconds .

========================================================================
Received Import Request.
  Time since last request: 27.564232 seconds.
  path: Assets/Prefabs/Cheese.prefab
  artifactKey: Guid(64a89df42a7b9dd4aafa4fd97c91512c) Importer(815301076,1909f56bfc062723c751e8b465ee728b)
Start importing Assets/Prefabs/Cheese.prefab using Guid(64a89df42a7b9dd4aafa4fd97c91512c) Importer(815301076,1909f56bfc062723c751e8b465ee728b)  -> (artifact id: '014c3078f939cb0639b33a583db0ef39') in 0.034687 seconds
  Import took 0.045077 seconds .

========================================================================
Received Import Request.
  Time since last request: 3.600871 seconds.
  path: Assets/Prefabs/Sweater.prefab
  artifactKey: Guid(222c54e0c96dea344a69f6161e48d9e4) Importer(815301076,1909f56bfc062723c751e8b465ee728b)
Start importing Assets/Prefabs/Sweater.prefab using Guid(222c54e0c96dea344a69f6161e48d9e4) Importer(815301076,1909f56bfc062723c751e8b465ee728b)  -> (artifact id: '8036404b937fb23f39b8a9b4a9adaca6') in 0.031054 seconds
  Import took 0.036134 seconds .

========================================================================
Received Import Request.
  Time since last request: 5.563758 seconds.
  path: Assets/Prefabs/Wheat.prefab
  artifactKey: Guid(d0275b8a2ee18ca4c8a985f6448b0b0a) Importer(815301076,1909f56bfc062723c751e8b465ee728b)
Start importing Assets/Prefabs/Wheat.prefab using Guid(d0275b8a2ee18ca4c8a985f6448b0b0a) Importer(815301076,1909f56bfc062723c751e8b465ee728b)  -> (artifact id: 'c8dd9ee4682e60cd8e9252fc849edacb') in 0.044556 seconds
  Import took 0.049296 seconds .

========================================================================
Received Import Request.
  Time since last request: 3.292213 seconds.
  path: Assets/Prefabs/Wheat.prefab
  artifactKey: Guid(d0275b8a2ee18ca4c8a985f6448b0b0a) Importer(815301076,1909f56bfc062723c751e8b465ee728b)
Start importing Assets/Prefabs/Wheat.prefab using Guid(d0275b8a2ee18ca4c8a985f6448b0b0a) Importer(815301076,1909f56bfc062723c751e8b465ee728b)  -> (artifact id: 'b80f0a64564873d2f45d91fc8d186147') in 0.039196 seconds
  Import took 0.043966 seconds .

========================================================================
Received Prepare
Registering precompiled user dll's ...
Registered in 0.005106 seconds.
Begin MonoManager ReloadAssembly
Native extension for WindowsStandalone target not found
Refreshing native plugins compatible for Editor in 0.59 ms, found 3 plugins.
Preloading 0 native plugins for Editor in 0.00 ms.
Mono: successfully reloaded assembly
- Completed reload, in  1.699 seconds
Platform modules already initialized, skipping
Refreshing native plugins compatible for Editor in 0.60 ms, found 3 plugins.
Preloading 0 native plugins for Editor in 0.00 ms.
Unloading 2111 Unused Serialized files (Serialized files now loaded: 0)
System memory in use before: 98.4 MB.
System memory in use after: 98.5 MB.

Unloading 22 unused Assets to reduce memory usage. Loaded Objects now: 2790.
Total: 2.898800 ms (FindLiveObjects: 0.258900 ms CreateObjectMapping: 0.102700 ms MarkObjects: 2.379300 ms  DeleteObjects: 0.156600 ms)

========================================================================
Received Prepare
Registering precompiled user dll's ...
Registered in 0.005052 seconds.
Begin MonoManager ReloadAssembly
Native extension for WindowsStandalone target not found
Refreshing native plugins compatible for Editor in 0.61 ms, found 3 plugins.
Preloading 0 native plugins for Editor in 0.00 ms.
Mono: successfully reloaded assembly
- Completed reload, in  1.480 seconds
Platform modules already initialized, skipping
Refreshing native plugins compatible for Editor in 0.56 ms, found 3 plugins.
Preloading 0 native plugins for Editor in 0.00 ms.
Unloading 2111 Unused Serialized files (Serialized files now loaded: 0)
System memory in use before: 98.4 MB.
System memory in use after: 98.5 MB.

Unloading 21 unused Assets to reduce memory usage. Loaded Objects now: 2794.
Total: 3.189400 ms (FindLiveObjects: 0.256000 ms CreateObjectMapping: 0.138900 ms MarkObjects: 2.620700 ms  DeleteObjects: 0.172500 ms)

========================================================================
Received Prepare
Registering precompiled user dll's ...
Registered in 0.005720 seconds.
Begin MonoManager ReloadAssembly
Native extension for WindowsStandalone target not found
Refreshing native plugins compatible for Editor in 5.75 ms, found 3 plugins.
Preloading 0 native plugins for Editor in 0.00 ms.
Mono: successfully reloaded assembly
- Completed reload, in  1.728 seconds
Platform modules already initialized, skipping
Refreshing native plugins compatible for Editor in 0.79 ms, found 3 plugins.
Preloading 0 native plugins for Editor in 0.00 ms.
Unloading 2111 Unused Serialized files (Serialized files now loaded: 0)
System memory in use before: 98.4 MB.
System memory in use after: 98.5 MB.

Unloading 21 unused Assets to reduce memory usage. Loaded Objects now: 2798.
Total: 2.989700 ms (FindLiveObjects: 0.277700 ms CreateObjectMapping: 0.172700 ms MarkObjects: 2.383900 ms  DeleteObjects: 0.154100 ms)

========================================================================
Received Prepare
Registering precompiled user dll's ...
Registered in 0.007386 seconds.
Begin MonoManager ReloadAssembly
Native extension for WindowsStandalone target not found
Refreshing native plugins compatible for Editor in 0.58 ms, found 3 plugins.
Preloading 0 native plugins for Editor in 0.00 ms.
Mono: successfully reloaded assembly
- Completed reload, in  1.757 seconds
Platform modules already initialized, skipping
Refreshing native plugins compatible for Editor in 0.58 ms, found 3 plugins.
Preloading 0 native plugins for Editor in 0.00 ms.
Unloading 2111 Unused Serialized files (Serialized files now loaded: 0)
System memory in use before: 98.4 MB.
System memory in use after: 98.5 MB.

Unloading 21 unused Assets to reduce memory usage. Loaded Objects now: 2802.
Total: 3.738500 ms (FindLiveObjects: 0.263800 ms CreateObjectMapping: 0.108800 ms MarkObjects: 3.053700 ms  DeleteObjects: 0.310400 ms)

========================================================================
Received Import Request.
  Time since last request: 597.558622 seconds.
  path: Assets/Sprites/Background.png
  artifactKey: Guid(8cb2d068c6d3cd94d87292cba0eb0e18) Importer(815301076,1909f56bfc062723c751e8b465ee728b)
Start importing Assets/Sprites/Background.png using Guid(8cb2d068c6d3cd94d87292cba0eb0e18) Importer(815301076,1909f56bfc062723c751e8b465ee728b)  -> (artifact id: '51d04223ca83caf589374ef0edc2f884') in 0.133165 seconds
  Import took 0.138044 seconds .

========================================================================
Received Import Request.
  Time since last request: 0.001230 seconds.
  path: Assets/Sprites/Background.png
  artifactKey: Guid(8cb2d068c6d3cd94d87292cba0eb0e18) Importer(815301076,1909f56bfc062723c751e8b465ee728b)
Start importing Assets/Sprites/Background.png using Guid(8cb2d068c6d3cd94d87292cba0eb0e18) Importer(815301076,1909f56bfc062723c751e8b465ee728b)  -> (artifact id: '51d04223ca83caf589374ef0edc2f884') in 0.026020 seconds
  Import took 0.031792 seconds .

========================================================================
Received Prepare
Registering precompiled user dll's ...
Registered in 0.006801 seconds.
Begin MonoManager ReloadAssembly
Native extension for WindowsStandalone target not found
Refreshing native plugins compatible for Editor in 0.59 ms, found 3 plugins.
Preloading 0 native plugins for Editor in 0.00 ms.
Mono: successfully reloaded assembly
- Completed reload, in  1.446 seconds
Platform modules already initialized, skipping
Refreshing native plugins compatible for Editor in 0.58 ms, found 3 plugins.
Preloading 0 native plugins for Editor in 0.00 ms.
Unloading 2111 Unused Serialized files (Serialized files now loaded: 0)
System memory in use before: 98.4 MB.
System memory in use after: 98.5 MB.

Unloading 21 unused Assets to reduce memory usage. Loaded Objects now: 2809.
Total: 2.890400 ms (FindLiveObjects: 0.298600 ms CreateObjectMapping: 0.106800 ms MarkObjects: 2.316800 ms  DeleteObjects: 0.167000 ms)

========================================================================
Received Import Request.
  Time since last request: 132.926026 seconds.
  path: Packages/com.unity.2d.sprite/Editor/ObjectMenuCreation/DefaultAssets/Textures/Square.png
  artifactKey: Guid(48e93eef0688c4a259cb0eddcd8661f7) Importer(815301076,1909f56bfc062723c751e8b465ee728b)
Start importing Packages/com.unity.2d.sprite/Editor/ObjectMenuCreation/DefaultAssets/Textures/Square.png using Guid(48e93eef0688c4a259cb0eddcd8661f7) Importer(815301076,1909f56bfc062723c751e8b465ee728b)  -> (artifact id: '67f9d2c87602c9de665cd5edc8b46197') in 0.124006 seconds
  Import took 0.158527 seconds .

========================================================================
Received Import Request.
  Time since last request: 0.005922 seconds.
  path: Packages/com.unity.2d.sprite/Editor/ObjectMenuCreation/DefaultAssets/Textures/Square.png
  artifactKey: Guid(48e93eef0688c4a259cb0eddcd8661f7) Importer(815301076,1909f56bfc062723c751e8b465ee728b)
Start importing Packages/com.unity.2d.sprite/Editor/ObjectMenuCreation/DefaultAssets/Textures/Square.png using Guid(48e93eef0688c4a259cb0eddcd8661f7) Importer(815301076,1909f56bfc062723c751e8b465ee728b)  -> (artifact id: '67f9d2c87602c9de665cd5edc8b46197') in 0.018967 seconds
  Import took 0.028393 seconds .

========================================================================
Received Prepare
Registering precompiled user dll's ...
Registered in 0.009269 seconds.
Begin MonoManager ReloadAssembly
Native extension for WindowsStandalone target not found
Refreshing native plugins compatible for Editor in 0.83 ms, found 3 plugins.
Preloading 0 native plugins for Editor in 0.00 ms.
Mono: successfully reloaded assembly
- Completed reload, in  1.505 seconds
Platform modules already initialized, skipping
Refreshing native plugins compatible for Editor in 0.58 ms, found 3 plugins.
Preloading 0 native plugins for Editor in 0.00 ms.
Unloading 2111 Unused Serialized files (Serialized files now loaded: 0)
System memory in use before: 98.5 MB.
System memory in use after: 98.5 MB.

Unloading 21 unused Assets to reduce memory usage. Loaded Objects now: 2815.
Total: 5.693200 ms (FindLiveObjects: 0.252400 ms CreateObjectMapping: 0.110700 ms MarkObjects: 5.153600 ms  DeleteObjects: 0.175000 ms)

